Trying to load common config
Trying to load client config
Config files are up to date, skipping data/asset generation
Loaded entity minecraft:zombie as entity.minecraft.zombie with weight 35, min day 0 and max day 20
Loaded entity minecraft:zombie_villager as entity.minecraft.zombie_villager with weight 1, min day 0 and max day 20
Loaded entity minecraft:zombie_horse as entity.minecraft.zombie_horse with weight 3, min day 20 and max day 40
Loaded entity minecraft:husk as entity.minecraft.husk with weight 40, min day 20 and max day 40
Loaded entity minecraft:drowned as entity.minecraft.drowned with weight 3, min day 30 and max day 40
Loaded entity minecraft:zoglin as entity.minecraft.zoglin with weight 3, min day 40 and max day 40
Loaded entity minecraft:zombified_piglin as entity.minecraft.zombified_piglin with weight 10, min day 40 and max day 0
Loaded entity minecraft:husk as entity.minecraft.husk with weight 25, min day 50 and max day 0
Loaded entity minecraft:zoglin as entity.minecraft.zoglin with weight 3, min day 50 and max day 0
Loaded entity minecraft:zombie_horse as entity.minecraft.zombie_horse with weight 3, min day 50 and max day 0
loaded horde table hordes:default
Loaded entity minecraft:drowned as entity.minecraft.drowned with weight 40, min day 0 and max day 20
Loaded entity minecraft:drowned as entity.minecraft.drowned with weight 3, min day 30 and max day 40
loaded horde table hordes:drowned
Loaded entity minecraft:zombie as entity.minecraft.zombie with weight 20, min day 0 and max day 20
Loaded entity minecraft:skeleton as entity.minecraft.skeleton with weight 10, min day 20 and max day 30
Loaded entity minecraft:spider as entity.minecraft.spider with weight 15, min day 20 and max day 30
Loaded entity minecraft:creeper as entity.minecraft.creeper with weight 5, min day 30 and max day 30
Loaded entity minecraft:husk as entity.minecraft.husk with weight 20, min day 30 and max day 50
Loaded entity minecraft:stray as entity.minecraft.stray with weight 10, min day 40 and max day 50
Loaded entity minecraft:cave_spider as entity.minecraft.cave_spider with weight 10, min day 40 and max day 50
Loaded entity minecraft:witch as entity.minecraft.witch with weight 5, min day 40 and max day 50
Loaded entity minecraft:pillager as entity.minecraft.pillager with weight 10, min day 40 and max day 50
Loaded entity minecraft:zombified_piglin as entity.minecraft.zombified_piglin with weight 10, min day 40 and max day 50
Loaded entity minecraft:zombie_horse as entity.minecraft.zombie_horse with weight 3, min day 40 and max day 50
Loaded entity minecraft:wither_skeleton as entity.minecraft.wither_skeleton with weight 10, min day 50 and max day 0
Loaded entity minecraft:phantom as entity.minecraft.phantom with weight 5, min day 50 and max day 50
Loaded entity minecraft:vindicator as entity.minecraft.vindicator with weight 10, min day 50 and max day 50
Loaded entity minecraft:zoglin as entity.minecraft.zoglin with weight 5, min day 40 and max day 40
Loaded entity minecraft:ravager as entity.minecraft.ravager with weight 5, min day 50 and max day 50
Loaded entity minecraft:evoker as entity.minecraft.evoker with weight 5, min day 50 and max day 50
Loaded entity minecraft:piglin_brute as entity.minecraft.piglin_brute with weight 10, min day 60 and max day 0
Loaded entity minecraft:cave_spider as entity.minecraft.cave_spider with weight 15, min day 60 and max day 0
Loaded entity minecraft:zombie_horse as entity.minecraft.zombie_horse with weight 5, min day 60 and max day 0
Loaded entity minecraft:ravager as entity.minecraft.ravager with weight 3, min day 60 and max day 0
Loaded entity minecraft:phantom as entity.minecraft.phantom with weight 3, min day 60 and max day 0
loaded horde table hordes:mixed_mobs
Loaded entity minecraft:pillager as entity.minecraft.pillager with weight 15, min day 0 and max day 0
Loaded entity minecraft:vindicator as entity.minecraft.vindicator with weight 10, min day 0 and max day 0
Loaded entity minecraft:witch as entity.minecraft.witch with weight 5, min day 20 and max day 0
Loaded entity minecraft:ravager as entity.minecraft.ravager with weight 5, min day 30 and max day 40
Loaded entity minecraft:evoker as entity.minecraft.evoker with weight 3, min day 40 and max day 40
Loaded entity minecraft:illusioner as entity.minecraft.illusioner with weight 5, min day 50 and max day 0
Loaded entity minecraft:ravager as entity.minecraft.ravager with weight 3, min day 50 and max day 0
Loaded entity minecraft:ravager as entity.minecraft.ravager with weight 5, min day 50 and max day 0
loaded horde table hordes:illagers
Loaded entity minecraft:skeleton as entity.minecraft.skeleton with weight 10, min day 0 and max day 20
Loaded entity minecraft:skeleton as entity.minecraft.skeleton with weight 20, min day 0 and max day 30
Loaded entity minecraft:skeleton_horse as entity.minecraft.skeleton_horse with weight 5, min day 20 and max day 50
Loaded entity minecraft:stray as entity.minecraft.stray with weight 10, min day 20 and max day 0
Loaded entity minecraft:wither_skeleton as entity.minecraft.wither_skeleton with weight 10, min day 40 and max day 0
Loaded entity minecraft:skeleton_horse as entity.minecraft.skeleton_horse with weight 5, min day 40 and max day 0
loaded horde table hordes:skeletons
Loaded entity minecraft:zombie as entity.minecraft.zombie with weight 30, min day 0 and max day 0
loaded horde table hordes:fallback
loaded horde script hordes:default
Loading conversion tables
Loading conversion table hordes:infection_conversions
Loaded conversion entity.minecraft.horse to entity.minecraft.zombie_horse with chance of 0.65
Loaded conversion entity.minecraft.piglin to entity.minecraft.zombified_piglin with chance of 0.75
Loaded conversion entity.minecraft.piglin_brute to entity.minecraft.zombified_piglin{Attributes:[{Base:50.0f,Name:"generic.max_health"}],chat_name:"entity.hordes.ZombifiedPiglinBrute.name",texture:"hordes:textures/entity/zombified_piglin_brute.png"} with chance of 0.35
Loaded conversion entity.minecraft.hoglin to entity.minecraft.zoglin with chance of 0.15
Loaded conversion entity.minecraft.wandering_trader to entity.minecraft.zombie_villager{VillagerData:{type:"none"},chat_name:"entity.hordes.ZombieWanderingTrader.name",texture:"hordes:textures/entity/zombie_wandering_trader.png"} with chance of 0.75
Loaded conversion entity.minecraft.pillager to entity.minecraft.zombie_villager{Attributes:[{Base:24.0f,Name:"generic.max_health"}],VillagerData:{type:"none"},chat_name:"entity.hordes.ZombiePillager.name",texture:"hordes:textures/entity/zombie_pillager.png"} with chance of 0.75
Loaded conversion entity.minecraft.vindicator to entity.minecraft.zombie_villager{Attributes:[{Base:24.0f,Name:"generic.max_health"}],VillagerData:{type:"none"},chat_name:"entity.hordes.ZombieVindicator.name",texture:"hordes:textures/entity/zombie_vindicator.png"} with chance of 0.35
Loaded conversion entity.minecraft.evoker to entity.minecraft.zombie_villager{Attributes:[{Base:24.0f,Name:"generic.max_health"}],VillagerData:{type:"none"},chat_name:"entity.hordes.ZombieEvoker.name",texture:"hordes:textures/entity/zombie_evoker.png"} with chance of 0.5
Loaded conversion entity.minecraft.illusioner to entity.minecraft.zombie_villager{Attributes:[{Base:32.0f,Name:"generic.max_health"}],VillagerData:{type:"none"},chat_name:"entity.hordes.ZombieIllusioner.name",texture:"hordes:textures/entity/zombie_illusioner.png"} with chance of 0.15
Loaded conversion entity.minecraft.witch to entity.minecraft.zombie_villager{Attributes:[{Base:26.0f,Name:"generic.max_health"}],VillagerData:{type:"none"},chat_name:"entity.hordes.ZombieWitch.name",texture:"hordes:textures/entity/zombie_witch.png"} with chance of 0.25
Loading immunity item list
Loading immunity item list hordes:immunity_items
Loaded immunity item minecraft:enchanted_golden_apple with duration 150
Loading wearables protection list
Loading wearables protection list hordes:immune_wearables
Loaded wearable protection minecraft:leather_boots with modifier 0.95
Loaded wearable protection minecraft:leather_leggings with modifier 0.95
Loaded wearable protection minecraft:leather_chestplate with modifier 0.95
Loaded wearable protection minecraft:leather_helmet with modifier 0.95
Loaded wearable protection minecraft:chainmail_boots with modifier 0.95
Loaded wearable protection minecraft:chainmail_leggings with modifier 0.95
Loaded wearable protection minecraft:chainmail_chestplate with modifier 0.95
Loaded wearable protection minecraft:chainmail_helmet with modifier 0.95
Loaded wearable protection minecraft:iron_boots with modifier 0.9
Loaded wearable protection minecraft:iron_leggings with modifier 0.9
Loaded wearable protection minecraft:iron_chestplate with modifier 0.9
Loaded wearable protection minecraft:iron_helmet with modifier 0.9
Loaded wearable protection minecraft:golden_boots with modifier 0.9
Loaded wearable protection minecraft:golden_leggings with modifier 0.9
Loaded wearable protection minecraft:golden_chestplate with modifier 0.9
Loaded wearable protection minecraft:golden_helmet with modifier 0.9
Loaded wearable protection minecraft:diamond_boots with modifier 0.86
Loaded wearable protection minecraft:diamond_leggings with modifier 0.86
Loaded wearable protection minecraft:diamond_chestplate with modifier 0.86
Loaded wearable protection minecraft:diamond_helmet with modifier 0.86
Loaded wearable protection minecraft:netherite_boots with modifier 0.82
Loaded wearable protection minecraft:netherite_leggings with modifier 0.82
Loaded wearable protection minecraft:netherite_chestplate with modifier 0.82
Loaded wearable protection minecraft:netherite_helmet with modifier 0.82
Loaded wearable protection minecraft:turtle_helmet with modifier 0.75
[net.smileycorp.hordes.hordeevent.capability.HordeEvent@6d7c133d]Trying to start horde event on day 80 with nextDay 80 and time 15000
Applying script hordes:default for event net.smileycorp.hordes.common.event.HordeBuildSpawnDataEvent@17dca40
Adding entry HordeSpawnEntry[type=entity.minecraft.zombified_piglin,weight=10,minDay=40,maxDay=0] to hordespawn on day 70
Adding entry HordeSpawnEntry[type=entity.minecraft.husk,weight=25,minDay=50,maxDay=0] to hordespawn on day 70
Adding entry HordeSpawnEntry[type=entity.minecraft.zoglin,weight=3,minDay=50,maxDay=0]{{Passengers:[{HandItems:[{Count:1,id:"trident"}],id:"drowned"}]}} to hordespawn on day 70
Adding entry HordeSpawnEntry[type=entity.minecraft.zombie_horse,weight=3,minDay=50,maxDay=0]{{Passengers:[{HandItems:[{Count:1,id:"trident"}],id:"drowned"}]}} to hordespawn on day 70
Adding entry HordeSpawnEntry[type=entity.minecraft.zombified_piglin,weight=10,minDay=40,maxDay=0] to hordespawn on day 80
Adding entry HordeSpawnEntry[type=entity.minecraft.husk,weight=25,minDay=50,maxDay=0] to hordespawn on day 80
Adding entry HordeSpawnEntry[type=entity.minecraft.zoglin,weight=3,minDay=50,maxDay=0]{{Passengers:[{HandItems:[{Count:1,id:"trident"}],id:"drowned"}]}} to hordespawn on day 80
Adding entry HordeSpawnEntry[type=entity.minecraft.zombie_horse,weight=3,minDay=50,maxDay=0]{{Passengers:[{HandItems:[{Count:1,id:"trident"}],id:"drowned"}]}} to hordespawn on day 80
Adding entry HordeSpawnEntry[type=entity.minecraft.zombified_piglin,weight=10,minDay=40,maxDay=0] to hordespawn on day 80
Adding entry HordeSpawnEntry[type=entity.minecraft.husk,weight=25,minDay=50,maxDay=0] to hordespawn on day 80
Adding entry HordeSpawnEntry[type=entity.minecraft.zoglin,weight=3,minDay=50,maxDay=0]{{Passengers:[{HandItems:[{Count:1,id:"trident"}],id:"drowned"}],id:"minecraft:zoglin"}} to hordespawn on day 80
Adding entry HordeSpawnEntry[type=entity.minecraft.zombie_horse,weight=3,minDay=50,maxDay=0]{{AbsorptionAmount:0.0f,Age:0,ArmorDropChances:[0.085f,0.085f,0.085f,0.085f],ArmorItems:[{},{},{},{}],Attributes:[{Base:0.8807830444822157d,Name:"minecraft:horse.jump_strength"},{Base:35.0d,Modifiers:[{Amount:0.06318302436267749d,Name:"Random spawn bonus",Operation:1,UUID:[I;-53753789,-863287328,-1182310508,-748507001]}],Name:"minecraft:generic.follow_range"}],Brain:{memories:{}},Bred:0b,CanPickUpLoot:0b,CitadelData:{},ConversionTime:-1,DeathTime:0s,EatingHaystack:0b,FallFlying:0b,ForcedAge:0,HandDropChances:[0.085f,0.085f],HandItems:[{},{}],Health:15.0f,HurtByTimestamp:0,HurtTime:0s,InLove:0,LeftHanded:0b,Passengers:[{HandItems:[{Count:1,id:"trident"}],id:"drowned"}],PersistenceRequired:0b,Tame:0b,Temper:0,id:"minecraft:zombie_horse"}} to hordespawn on day 80
Adding entry HordeSpawnEntry[type=entity.minecraft.zombified_piglin,weight=10,minDay=40,maxDay=0] to hordespawn on day 80
Adding entry HordeSpawnEntry[type=entity.minecraft.husk,weight=25,minDay=50,maxDay=0] to hordespawn on day 80
Adding entry HordeSpawnEntry[type=entity.minecraft.zoglin,weight=3,minDay=50,maxDay=0]{{Passengers:[{HandItems:[{Count:1,id:"trident"}],id:"drowned"}],id:"minecraft:zoglin"}} to hordespawn on day 80
Adding entry HordeSpawnEntry[type=entity.minecraft.zombie_horse,weight=3,minDay=50,maxDay=0]{{AbsorptionAmount:0.0f,Age:0,ArmorDropChances:[0.085f,0.085f,0.085f,0.085f],ArmorItems:[{},{},{},{}],Attributes:[{Base:0.8427476716134977d,Name:"minecraft:horse.jump_strength"},{Base:35.0d,Modifiers:[{Amount:-0.03421981927860301d,Name:"Random spawn bonus",Operation:1,UUID:[I;713033375,-853520573,-1233731031,-1265999023]}],Name:"minecraft:generic.follow_range"}],Brain:{memories:{}},Bred:0b,CanPickUpLoot:0b,CitadelData:{},ConversionTime:-1,DeathTime:0s,EatingHaystack:0b,FallFlying:0b,ForcedAge:0,HandDropChances:[0.085f,0.085f],HandItems:[{},{}],Health:15.0f,HurtByTimestamp:0,HurtTime:0s,InLove:0,LeftHanded:0b,Passengers:[{HandItems:[{Count:1,id:"trident"}],id:"drowned"}],PersistenceRequired:0b,Tame:0b,Temper:0,id:"minecraft:zombie_horse"}} to hordespawn on day 80
[net.smileycorp.hordes.hordeevent.capability.HordeEvent@6ba5629c]Trying to start horde event on day 100 with nextDay 100 and time 15000
Applying script hordes:default for event net.smileycorp.hordes.common.event.HordeBuildSpawnDataEvent@9581407
Adding entry HordeSpawnEntry[type=entity.minecraft.zombified_piglin,weight=10,minDay=40,maxDay=0] to hordespawn on day 90
Adding entry HordeSpawnEntry[type=entity.minecraft.husk,weight=25,minDay=50,maxDay=0] to hordespawn on day 90
Adding entry HordeSpawnEntry[type=entity.minecraft.zoglin,weight=3,minDay=50,maxDay=0]{{Passengers:[{HandItems:[{Count:1,id:"trident"}],id:"drowned"}],id:"minecraft:zoglin"}} to hordespawn on day 90
Adding entry HordeSpawnEntry[type=entity.minecraft.zombie_horse,weight=3,minDay=50,maxDay=0]{{AbsorptionAmount:0.0f,Age:0,ArmorDropChances:[0.085f,0.085f,0.085f,0.085f],ArmorItems:[{},{},{},{}],Attributes:[{Base:0.7109545364495029d,Name:"minecraft:horse.jump_strength"},{Base:35.0d,Modifiers:[{Amount:0.08251533024298759d,Name:"Random spawn bonus",Operation:1,UUID:[I;316283602,-8174625,-1593253961,-1718103559]}],Name:"minecraft:generic.follow_range"}],Brain:{memories:{}},Bred:0b,CanPickUpLoot:0b,CitadelData:{},ConversionTime:-1,DeathTime:0s,EatingHaystack:0b,FallFlying:0b,ForcedAge:0,HandDropChances:[0.085f,0.085f],HandItems:[{},{}],Health:15.0f,HurtByTimestamp:0,HurtTime:0s,InLove:0,LeftHanded:0b,Passengers:[{HandItems:[{Count:1,id:"trident"}],id:"drowned"}],PersistenceRequired:0b,Tame:0b,Temper:0,id:"minecraft:zombie_horse"}} to hordespawn on day 90
[net.smileycorp.hordes.hordeevent.capability.HordeEvent@a664d90]Trying to start horde event on day 64 with nextDay 64 and time 15000
Applying script hordes:default for event net.smileycorp.hordes.common.event.HordeBuildSpawnDataEvent@15214e7c
Adding entry HordeSpawnEntry[type=entity.minecraft.zombified_piglin,weight=10,minDay=40,maxDay=0] to hordespawn on day 60
Adding entry HordeSpawnEntry[type=entity.minecraft.husk,weight=25,minDay=50,maxDay=0] to hordespawn on day 60
Adding entry HordeSpawnEntry[type=entity.minecraft.zoglin,weight=3,minDay=50,maxDay=0]{{Passengers:[{HandItems:[{Count:1,id:"trident"}],id:"drowned"}],id:"minecraft:zoglin"}} to hordespawn on day 60
Adding entry HordeSpawnEntry[type=entity.minecraft.zombie_horse,weight=3,minDay=50,maxDay=0]{{AbsorptionAmount:0.0f,Age:0,ArmorDropChances:[0.085f,0.085f,0.085f,0.085f],ArmorItems:[{},{},{},{}],Attributes:[{Base:0.7109545364495029d,Name:"minecraft:horse.jump_strength"},{Base:35.0d,Modifiers:[{Amount:0.08251533024298759d,Name:"Random spawn bonus",Operation:1,UUID:[I;316283602,-8174625,-1593253961,-1718103559]}],Name:"minecraft:generic.follow_range"}],Brain:{memories:{}},Bred:0b,CanPickUpLoot:0b,CitadelData:{},ConversionTime:-1,DeathTime:0s,EatingHaystack:0b,FallFlying:0b,ForcedAge:0,HandDropChances:[0.085f,0.085f],HandItems:[{},{}],Health:15.0f,HurtByTimestamp:0,HurtTime:0s,InLove:0,LeftHanded:0b,Passengers:[{HandItems:[{Count:1,id:"trident"}],id:"drowned"}],PersistenceRequired:0b,Tame:0b,Temper:0,id:"minecraft:zombie_horse"}} to hordespawn on day 60
Adding entry HordeSpawnEntry[type=entity.minecraft.zombified_piglin,weight=10,minDay=40,maxDay=0] to hordespawn on day 100
Adding entry HordeSpawnEntry[type=entity.minecraft.husk,weight=25,minDay=50,maxDay=0] to hordespawn on day 100
Adding entry HordeSpawnEntry[type=entity.minecraft.zoglin,weight=3,minDay=50,maxDay=0]{{Passengers:[{HandItems:[{Count:1,id:"trident"}],id:"drowned"}],id:"minecraft:zoglin"}} to hordespawn on day 100
Adding entry HordeSpawnEntry[type=entity.minecraft.zombie_horse,weight=3,minDay=50,maxDay=0]{{AbsorptionAmount:0.0f,Age:0,ArmorDropChances:[0.085f,0.085f,0.085f,0.085f],ArmorItems:[{},{},{},{}],Attributes:[{Base:0.7109545364495029d,Name:"minecraft:horse.jump_strength"},{Base:35.0d,Modifiers:[{Amount:0.08251533024298759d,Name:"Random spawn bonus",Operation:1,UUID:[I;316283602,-8174625,-1593253961,-1718103559]}],Name:"minecraft:generic.follow_range"}],Brain:{memories:{}},Bred:0b,CanPickUpLoot:0b,CitadelData:{},ConversionTime:-1,DeathTime:0s,EatingHaystack:0b,FallFlying:0b,ForcedAge:0,HandDropChances:[0.085f,0.085f],HandItems:[{},{}],Health:15.0f,HurtByTimestamp:0,HurtTime:0s,InLove:0,LeftHanded:0b,Passengers:[{HandItems:[{Count:1,id:"trident"}],id:"drowned"}],PersistenceRequired:0b,Tame:0b,Temper:0,id:"minecraft:zombie_horse"}} to hordespawn on day 100
Adding entry HordeSpawnEntry[type=entity.minecraft.zombified_piglin,weight=10,minDay=40,maxDay=0] to hordespawn on day 64
Adding entry HordeSpawnEntry[type=entity.minecraft.husk,weight=25,minDay=50,maxDay=0] to hordespawn on day 64
Adding entry HordeSpawnEntry[type=entity.minecraft.zoglin,weight=3,minDay=50,maxDay=0]{{Passengers:[{HandItems:[{Count:1,id:"trident"}],id:"drowned"}],id:"minecraft:zoglin"}} to hordespawn on day 64
Adding entry HordeSpawnEntry[type=entity.minecraft.zombie_horse,weight=3,minDay=50,maxDay=0]{{AbsorptionAmount:0.0f,Age:0,ArmorDropChances:[0.085f,0.085f,0.085f,0.085f],ArmorItems:[{},{},{},{}],Attributes:[{Base:0.6710597477848167d,Name:"minecraft:horse.jump_strength"},{Base:35.0d,Modifiers:[{Amount:0.0060972593718660595d,Name:"Random spawn bonus",Operation:1,UUID:[I;-1944443352,659310892,-1609670738,-3089736]}],Name:"minecraft:generic.follow_range"}],Brain:{memories:{}},Bred:0b,CanPickUpLoot:0b,CitadelData:{},ConversionTime:-1,DeathTime:0s,EatingHaystack:0b,FallFlying:0b,ForcedAge:0,HandDropChances:[0.085f,0.085f],HandItems:[{},{}],Health:15.0f,HurtByTimestamp:0,HurtTime:0s,InLove:0,LeftHanded:0b,Passengers:[{HandItems:[{Count:1,id:"trident"}],id:"drowned"}],PersistenceRequired:0b,Tame:0b,Temper:0,id:"minecraft:zombie_horse"}} to hordespawn on day 64
Adding entry HordeSpawnEntry[type=entity.minecraft.zombified_piglin,weight=10,minDay=40,maxDay=0] to hordespawn on day 100
Adding entry HordeSpawnEntry[type=entity.minecraft.husk,weight=25,minDay=50,maxDay=0] to hordespawn on day 100
Adding entry HordeSpawnEntry[type=entity.minecraft.zoglin,weight=3,minDay=50,maxDay=0]{{Passengers:[{HandItems:[{Count:1,id:"trident"}],id:"drowned"}],id:"minecraft:zoglin"}} to hordespawn on day 100
Adding entry HordeSpawnEntry[type=entity.minecraft.zombie_horse,weight=3,minDay=50,maxDay=0]{{AbsorptionAmount:0.0f,Age:0,ArmorDropChances:[0.085f,0.085f,0.085f,0.085f],ArmorItems:[{},{},{},{}],Attributes:[{Base:0.7569776131050827d,Name:"minecraft:horse.jump_strength"},{Base:35.0d,Modifiers:[{Amount:0.027167874159052356d,Name:"Random spawn bonus",Operation:1,UUID:[I;1130843944,-1223932107,-1796775578,1501874037]}],Name:"minecraft:generic.follow_range"}],Brain:{memories:{}},Bred:0b,CanPickUpLoot:0b,CitadelData:{},ConversionTime:-1,DeathTime:0s,EatingHaystack:0b,FallFlying:0b,ForcedAge:0,HandDropChances:[0.085f,0.085f],HandItems:[{},{}],Health:15.0f,HurtByTimestamp:0,HurtTime:0s,InLove:0,LeftHanded:0b,Passengers:[{HandItems:[{Count:1,id:"trident"}],id:"drowned"}],PersistenceRequired:0b,Tame:0b,Temper:0,id:"minecraft:zombie_horse"}} to hordespawn on day 100
Adding entry HordeSpawnEntry[type=entity.minecraft.zombified_piglin,weight=10,minDay=40,maxDay=0] to hordespawn on day 64
Adding entry HordeSpawnEntry[type=entity.minecraft.husk,weight=25,minDay=50,maxDay=0] to hordespawn on day 64
Adding entry HordeSpawnEntry[type=entity.minecraft.zoglin,weight=3,minDay=50,maxDay=0]{{Passengers:[{HandItems:[{Count:1,id:"trident"}],id:"drowned"}],id:"minecraft:zoglin"}} to hordespawn on day 64
Adding entry HordeSpawnEntry[type=entity.minecraft.zombie_horse,weight=3,minDay=50,maxDay=0]{{AbsorptionAmount:0.0f,Age:0,ArmorDropChances:[0.085f,0.085f,0.085f,0.085f],ArmorItems:[{},{},{},{}],Attributes:[{Base:0.6516486792356077d,Name:"minecraft:horse.jump_strength"},{Base:35.0d,Modifiers:[{Amount:0.029787468897058314d,Name:"Random spawn bonus",Operation:1,UUID:[I;-332026511,-749843486,-1517757183,-2016983120]}],Name:"minecraft:generic.follow_range"}],Brain:{memories:{}},Bred:0b,CanPickUpLoot:0b,CitadelData:{},ConversionTime:-1,DeathTime:0s,EatingHaystack:0b,FallFlying:0b,ForcedAge:0,HandDropChances:[0.085f,0.085f],HandItems:[{},{}],Health:15.0f,HurtByTimestamp:0,HurtTime:0s,InLove:0,LeftHanded:0b,Passengers:[{HandItems:[{Count:1,id:"trident"}],id:"drowned"}],PersistenceRequired:0b,Tame:0b,Temper:0,id:"minecraft:zombie_horse"}} to hordespawn on day 64
Adding entry HordeSpawnEntry[type=entity.minecraft.zombified_piglin,weight=10,minDay=40,maxDay=0] to hordespawn on day 100
Adding entry HordeSpawnEntry[type=entity.minecraft.husk,weight=25,minDay=50,maxDay=0] to hordespawn on day 100
Adding entry HordeSpawnEntry[type=entity.minecraft.zoglin,weight=3,minDay=50,maxDay=0]{{Passengers:[{HandItems:[{Count:1,id:"trident"}],id:"drowned"}],id:"minecraft:zoglin"}} to hordespawn on day 100
Adding entry HordeSpawnEntry[type=entity.minecraft.zombie_horse,weight=3,minDay=50,maxDay=0]{{AbsorptionAmount:0.0f,Age:0,ArmorDropChances:[0.085f,0.085f,0.085f,0.085f],ArmorItems:[{},{},{},{}],Attributes:[{Base:0.6734331821700593d,Name:"minecraft:horse.jump_strength"},{Base:35.0d,Modifiers:[{Amount:0.012855112320398633d,Name:"Random spawn bonus",Operation:1,UUID:[I;1870575288,1846692856,-1878395794,1181855944]}],Name:"minecraft:generic.follow_range"}],Brain:{memories:{}},Bred:0b,CanPickUpLoot:0b,CitadelData:{},ConversionTime:-1,DeathTime:0s,EatingHaystack:0b,FallFlying:0b,ForcedAge:0,HandDropChances:[0.085f,0.085f],HandItems:[{},{}],Health:15.0f,HurtByTimestamp:0,HurtTime:0s,InLove:0,LeftHanded:0b,Passengers:[{HandItems:[{Count:1,id:"trident"}],id:"drowned"}],PersistenceRequired:0b,Tame:0b,Temper:0,id:"minecraft:zombie_horse"}} to hordespawn on day 100
Adding entry HordeSpawnEntry[type=entity.minecraft.zombified_piglin,weight=10,minDay=40,maxDay=0] to hordespawn on day 64
Adding entry HordeSpawnEntry[type=entity.minecraft.husk,weight=25,minDay=50,maxDay=0] to hordespawn on day 64
Adding entry HordeSpawnEntry[type=entity.minecraft.zoglin,weight=3,minDay=50,maxDay=0]{{Passengers:[{HandItems:[{Count:1,id:"trident"}],id:"drowned"}],id:"minecraft:zoglin"}} to hordespawn on day 64
Adding entry HordeSpawnEntry[type=entity.minecraft.zombie_horse,weight=3,minDay=50,maxDay=0]{{AbsorptionAmount:0.0f,Age:0,ArmorDropChances:[0.085f,0.085f,0.085f,0.085f],ArmorItems:[{},{},{},{}],Attributes:[{Base:0.7768991709999464d,Name:"minecraft:horse.jump_strength"},{Base:35.0d,Modifiers:[{Amount:0.026203745440446683d,Name:"Random spawn bonus",Operation:1,UUID:[I;-958104802,-779137838,-1487673774,-1714082416]}],Name:"minecraft:generic.follow_range"}],Brain:{memories:{}},Bred:0b,CanPickUpLoot:0b,CitadelData:{},ConversionTime:-1,DeathTime:0s,EatingHaystack:0b,FallFlying:0b,ForcedAge:0,HandDropChances:[0.085f,0.085f],HandItems:[{},{}],Health:15.0f,HurtByTimestamp:0,HurtTime:0s,InLove:0,LeftHanded:0b,Passengers:[{HandItems:[{Count:1,id:"trident"}],id:"drowned"}],PersistenceRequired:0b,Tame:0b,Temper:0,id:"minecraft:zombie_horse"}} to hordespawn on day 64
