[10Jun2025 00:01:33.621] [Server thread/INFO] [net.minecraft.server.MinecraftServer/]: [samore123: Fully healed samore123's party.]
[10Jun2025 00:03:13.503] [Server thread/INFO] [net.minecraft.server.MinecraftServer/]: [samore123: Fully healed samore123's party.]
[10Jun2025 00:03:31.714] [Server thread/INFO] [net.minecraft.server.MinecraftServer/]: [Lcdo_Patino: Teleported Lcdo_Patino to samore123]
[10Jun2025 00:04:38.008] [Server thread/INFO] [net.minecraft.server.MinecraftServer/]: [Lcdo_Patino: The difficulty has been set to Hard]
[10Jun2025 00:05:58.531] [Server thread/INFO] [com.teampotato.redirector.Redirector/]: Redirecting net/minecraft/world/entity/monster/Phantom$AttackPhase
[10Jun2025 00:06:28.935] [Server thread/INFO] [com.teampotato.redirector.Redirector/]: Redirecting net/minecraft/world/entity/animal/IronGolem$Crackiness
[10Jun2025 00:06:42.656] [Server thread/INFO] [net.minecraft.server.MinecraftServer/]: [MIKE: Teleported MIKE to Lcdo_Patino]
[10Jun2025 00:08:16.335] [Server thread/INFO] [net.minecraft.server.MinecraftServer/]: Lcdo_Patino has made the advancement [Wheels of Destruction]
[10Jun2025 00:08:25.569] [Server thread/INFO] [net.minecraft.server.MinecraftServer/]: [MIKE: Teleported MIKE to Lcdo_Patino]
[10Jun2025 00:08:43.516] [Server thread/INFO] [net.minecraft.server.MinecraftServer/]: [MIKE: Teleported MIKE to Lcdo_Patino]
[10Jun2025 00:08:47.841] [Server thread/INFO] [net.minecraft.server.MinecraftServer/]: MIKE was processed by Crushing Wheels
[10Jun2025 00:08:54.470] [Server thread/INFO] [net.minecraft.server.MinecraftServer/]: [MIKE: Teleported MIKE to Lcdo_Patino]
[10Jun2025 00:09:26.235] [Server thread/INFO] [net.minecraft.world.entity.LivingEntity/]: Named entity PokemonEntity['mama burra'/21841, l='ServerLevel[world]', x=-1461.50, y=65.45, z=447.50] died: mama burra was processed by Crushing Wheels
[10Jun2025 00:10:08.439] [Server thread/INFO] [net.minecraft.server.network.ServerGamePacketListenerImpl/]: Lcdo_Patino lost connection: Disconnected
[10Jun2025 00:10:08.439] [Server thread/INFO] [net.minecraft.server.MinecraftServer/]: Lcdo_Patino left the game
[10Jun2025 00:13:32.852] [Server thread/INFO] [net.minecraft.server.MinecraftServer/]: samore123 fell from a high place
[10Jun2025 00:13:58.847] [Server thread/INFO] [net.minecraft.server.MinecraftServer/]: samore123 fell from a high place
[10Jun2025 00:17:24.040] [Server thread/INFO] [net.minecraft.server.MinecraftServer/]: samore123 was blown up by Creeper
[10Jun2025 00:18:21.595] [Server thread/INFO] [net.minecraft.server.MinecraftServer/]: samore123 was shot by Skeleton
[10Jun2025 00:19:57.988] [Server thread/INFO] [net.minecraft.world.entity.LivingEntity/]: Named entity PokemonEntity['mama burra'/26088, l='ServerLevel[world]', x=-1461.50, y=65.45, z=447.50] died: mama burra was processed by Crushing Wheels
[10Jun2025 00:20:11.242] [Server thread/INFO] [net.minecraft.server.MinecraftServer/]: samore123 was shot by Skeleton
[10Jun2025 00:24:39.136] [Server thread/INFO] [net.minecraft.server.MinecraftServer/]: samore123 was blown up by Creeper
[10Jun2025 00:24:43.899] [Server thread/INFO] [net.minecraft.server.players.PlayerList/]: Lcdo_Patino[/100.112.155.69:55228] logged in with entity id 27764 at (-1455.3426749526552, 65.0, 452.3337357346208)
[10Jun2025 00:24:43.932] [Server thread/INFO] [net.minecraft.server.MinecraftServer/]: Lcdo_Patino joined the game
[10Jun2025 00:28:53.890] [Server thread/INFO] [net.minecraft.world.entity.LivingEntity/]: Named entity PokemonEntity['mama burra'/29179, l='ServerLevel[world]', x=-1461.50, y=65.45, z=447.50] died: mama burra was processed by Crushing Wheels
[10Jun2025 00:29:03.236] [Server thread/INFO] [net.minecraft.server.MinecraftServer/]: MIKE was processed by Crushing Wheels
[10Jun2025 00:29:37.454] [Server thread/INFO] [net.minecraft.server.MinecraftServer/]: [MIKE: Teleported MIKE to Lcdo_Patino]
[10Jun2025 00:33:30.885] [Server thread/INFO] [net.minecraft.server.MinecraftServer/]: Lcdo_Patino was slain by Enderman
[10Jun2025 00:34:51.246] [Server thread/INFO] [net.minecraft.server.MinecraftServer/]: MIKE was processed by Crushing Wheels
[10Jun2025 00:34:51.646] [Server thread/INFO] [net.minecraft.server.MinecraftServer/]: [samore123: Teleported samore123 to MIKE]
[10Jun2025 00:34:53.233] [Server thread/INFO] [net.minecraft.server.MinecraftServer/]: samore123 was processed by Crushing Wheels
[10Jun2025 00:34:57.849] [Server thread/INFO] [net.minecraft.server.MinecraftServer/]: [MIKE: Teleported MIKE to Lcdo_Patino]
[10Jun2025 00:35:04.002] [Server thread/INFO] [net.minecraft.server.MinecraftServer/]: [samore123: Teleported samore123 to MIKE]
[10Jun2025 00:35:27.530] [Server thread/INFO] [net.minecraft.server.MinecraftServer/]: samore123 was thrown into Crushing Wheels by MIKE
[10Jun2025 00:35:33.637] [Server thread/INFO] [net.minecraft.server.MinecraftServer/]: [samore123: Teleported samore123 to MIKE]
[10Jun2025 00:35:55.883] [Server thread/INFO] [net.minecraft.server.MinecraftServer/]: Lcdo_Patino was slain by MIKE
[10Jun2025 00:36:34.082] [Server thread/INFO] [com.teampotato.redirector.Redirector/]: Redirecting com/simibubi/create/content/logistics/funnel/FunnelBlockEntity$Mode
[10Jun2025 00:39:37.805] [Server thread/WARN] [net.minecraft.server.network.ServerGamePacketListenerImpl/]: Lcdo_Patino moved wrongly!
[10Jun2025 00:39:38.353] [Server thread/WARN] [net.minecraft.server.network.ServerGamePacketListenerImpl/]: Lcdo_Patino moved wrongly!
[10Jun2025 00:40:11.184] [Netty Epoll Server IO #4/INFO] [com.teampotato.redirector.Redirector/]: Redirecting com/simibubi/create/content/logistics/filter/FilterScreenPacket$Option
[10Jun2025 00:40:43.740] [Server thread/INFO] [net.minecraft.server.MinecraftServer/]: MIKE was processed by Crushing Wheels
[10Jun2025 00:40:51.792] [Server thread/INFO] [net.minecraft.server.MinecraftServer/]: MIKE was processed by Crushing Wheels
[10Jun2025 00:41:17.133] [Server thread/INFO] [net.minecraft.server.MinecraftServer/]: [samore123: Teleported samore123 to MIKE]
[10Jun2025 00:41:39.827] [Server thread/WARN] [net.minecraft.server.MinecraftServer/]: Can't keep up! Is the server overloaded? Running 2353ms or 47 ticks behind
[10Jun2025 00:41:45.481] [Server thread/WARN] [net.minecraft.server.network.ServerGamePacketListenerImpl/]: samore123 moved wrongly!
