[22:20:34] [modloading-worker-0/INFO] ========================================
[22:20:34] [modloading-worker-0/INFO] Minecraft: 1.20.1
[22:20:34] [modloading-worker-0/INFO] Side: server
[22:20:34] [modloading-worker-0/INFO] Development: false
[22:20:34] [modloading-worker-0/INFO] Version: 12.1.785
[22:20:34] [modloading-worker-0/INFO] Loader:
[22:20:34] [modloading-worker-0/INFO] - Forge: 47.3.7
[22:20:34] [modloading-worker-0/INFO] Dependencies:
[22:20:34] [modloading-worker-0/INFO] - Cloth Config: 11.1.136
[22:20:34] [modloading-worker-0/INFO] - Architectury: 9.2.14
[22:20:34] [modloading-worker-0/INFO] Mixin: 0.8.5
[22:20:34] [modloading-worker-0/INFO] OS: Linux 6.8.0-1027-azure (amd64)
[22:20:34] [modloading-worker-0/INFO] Java: 17.0.13 (Ubuntu)
[22:20:34] [modloading-worker-0/INFO] ========================================
[22:20:34] [modloading-worker-0/INFO] Mods:
[22:20:34] [modloading-worker-0/INFO] - architectury: 9.2.14
[22:20:34] [modloading-worker-0/INFO] - attributefix: 21.0.4
[22:20:34] [modloading-worker-0/INFO] - badoptimizations: 2.2.1
[22:20:34] [modloading-worker-0/INFO] - chloride: 1.6.0
[22:20:34] [modloading-worker-0/INFO] - cloth_config: 11.1.136
[22:20:34] [modloading-worker-0/INFO] - cobblebadges: 2.1.0+1.20.1
[22:20:34] [modloading-worker-0/INFO] - cobbledex: 1.1.0
[22:20:34] [modloading-worker-0/INFO] - cobblemon: 1.5.2+1.20.1
[22:20:34] [modloading-worker-0/INFO] - cobblemonintegrations: 1.0.7
[22:20:34] [modloading-worker-0/INFO] - cobblemonrider: 1.2.4
[22:20:34] [modloading-worker-0/INFO] - cobblepedia: 0.6.8
[22:20:34] [modloading-worker-0/INFO] - create: 6.0.4
[22:20:34] [modloading-worker-0/INFO] - emi: 1.1.22+1.20.1+forge
[22:20:34] [modloading-worker-0/INFO] - fastsuite: 5.0.1
[22:20:34] [modloading-worker-0/INFO] - ferritecore: 6.0.1
[22:20:34] [modloading-worker-0/INFO] - flywheel: 1.0.2
[22:20:34] [modloading-worker-0/INFO] - forge: 47.3.7
[22:20:34] [modloading-worker-0/INFO] - jei: 15.20.0.112
[22:20:34] [modloading-worker-0/INFO] - journeymap: 5.10.3
[22:20:34] [modloading-worker-0/INFO] - konkrete: 1.8.0
[22:20:34] [modloading-worker-0/INFO] - kotlinforforge: 4.11.0
[22:20:34] [modloading-worker-0/INFO] - megamons: 1.5.0+1.20.1-forge+fabric-75b66fa
[22:20:34] [modloading-worker-0/INFO] - minecraft: 1.20.1
[22:20:34] [modloading-worker-0/INFO] - mixinextras: 0.4.1
[22:20:34] [modloading-worker-0/INFO] - patchouli: 1.20.1-84.1-FORGE
[22:20:34] [modloading-worker-0/INFO] - placebo: 8.6.3
[22:20:34] [modloading-worker-0/INFO] - polymorph: 0.49.10+1.20.1
[22:20:34] [modloading-worker-0/INFO] - ponder: 1.0.52
[22:20:34] [modloading-worker-0/INFO] - roughlyenoughitems: 12.1.785
[22:20:34] [modloading-worker-0/INFO] - simpletms: 1.1.2
[22:20:34] [modloading-worker-0/INFO] - smoothboot: 0.0.4
[22:20:34] [modloading-worker-0/INFO] - spectrelib: 0.13.17+1.20.1
[22:20:34] [modloading-worker-0/INFO] - travelersbackpack: 9.1.38
[22:20:34] [modloading-worker-0/INFO] - wwoo_forge: 2.0.0
[22:20:34] [modloading-worker-0/INFO] ========================================
[22:20:35] [modloading-worker-0/INFO] [REI] Registered plugin provider DefaultPluginImpl [roughlyenoughitems] for REIServerPlugin
[22:20:35] [modloading-worker-0/INFO] [REI] Registered plugin provider DefaultPluginImpl [roughlyenoughitems] for REIPlugin
[22:20:35] [modloading-worker-0/INFO] [REI] Registered plugin provider DefaultRuntimePlugin [roughlyenoughitems] for REIServerPlugin
[22:20:35] [modloading-worker-0/INFO] [REI] Registered plugin provider DefaultRuntimePlugin [roughlyenoughitems] for REIPlugin
[22:20:51] [Worker-Main-2/DEBUG] [REI] Processed 1 tags in 713.0 μs for minecraft:painting_variant
[22:20:51] [Worker-Main-1/DEBUG] [REI] Processed 10 tags in 466.2 μs for minecraft:fluid
[22:20:51] [Worker-Main-3/DEBUG] [REI] Processed 7 tags in 416.3 μs for minecraft:banner_pattern
[22:20:51] [Worker-Main-1/DEBUG] [REI] Processed 0 tags in 3.977 μs for minecraft:worldgen/flat_level_generator_preset
[22:20:51] [Worker-Main-3/DEBUG] [REI] Processed 1 tags in 20.72 μs for minecraft:recipe_serializer
[22:20:51] [Worker-Main-3/DEBUG] [REI] Processed 3 tags in 73.72 μs for minecraft:point_of_interest_type
[22:20:51] [Worker-Main-2/DEBUG] [REI] Processed 0 tags in 13.85 μs for minecraft:damage_type
[22:20:51] [Worker-Main-2/DEBUG] [REI] Processed 2 tags in 27.00 μs for minecraft:cat_variant
[22:20:51] [Worker-Main-1/DEBUG] [REI] Processed 0 tags in 15.05 μs for minecraft:worldgen/structure
[22:20:51] [Worker-Main-2/DEBUG] [REI] Processed 2 tags in 15.67 μs for create:contraption_type
[22:20:51] [Worker-Main-2/DEBUG] [REI] Processed 5 tags in 156.0 μs for minecraft:game_event
[22:20:51] [Worker-Main-2/DEBUG] [REI] Processed 20 tags in 228.8 μs for minecraft:entity_type
[22:20:51] [Worker-Main-1/DEBUG] [REI] Processed 0 tags in 154.6 μs for minecraft:worldgen/biome
[22:20:51] [Worker-Main-1/DEBUG] [REI] Processed 3 tags in 34.14 μs for minecraft:instrument
[22:20:51] [Worker-Main-1/DEBUG] [REI] Processed 2 tags in 115.5 μs for create:mounted_item_storage_type
[22:20:51] [Worker-Main-1/DEBUG] [REI] Processed 0 tags in 6.763 μs for minecraft:worldgen/world_preset
[22:20:51] [Worker-Main-3/DEBUG] [REI] Processed 461 tags in 5.888 ms for minecraft:item
[22:20:52] [Worker-Main-2/DEBUG] [REI] Processed 370 tags in 2.244 ms for minecraft:block
[22:20:53] [main/DEBUG] [REI] Starting Reload Plugins of stage null
java.lang.Throwable
	at TRANSFORMER/roughlyenoughitems@12.1.785/me.shedaniel.rei.impl.common.plugins.ReloadManagerImpl.reloadPlugins(ReloadManagerImpl.java:110)
	at TRANSFORMER/roughlyenoughitems@12.1.785/me.shedaniel.rei.RoughlyEnoughItemsCore.lambda$onInitialize$5(RoughlyEnoughItemsCore.java:163)
	at java.base/java.util.concurrent.CompletableFuture$UniRun.tryFire(CompletableFuture.java:787)
	at java.base/java.util.concurrent.CompletableFuture$Completion.run(CompletableFuture.java:482)
	at TRANSFORMER/minecraft@1.20.1/net.minecraft.server.packs.resources.SimpleReloadInstance.m_143940_(SimpleReloadInstance.java:69)
	at TRANSFORMER/minecraft@1.20.1/net.minecraft.Util.m_214652_(Util.java:783)
	at TRANSFORMER/minecraft@1.20.1/net.minecraft.Util.m_214679_(Util.java:772)
	at TRANSFORMER/minecraft@1.20.1/net.minecraft.server.Main.main(Main.java:166)
	at java.base/jdk.internal.reflect.NativeMethodAccessorImpl.invoke0(Native Method)
	at java.base/jdk.internal.reflect.NativeMethodAccessorImpl.invoke(NativeMethodAccessorImpl.java:77)
	at java.base/jdk.internal.reflect.DelegatingMethodAccessorImpl.invoke(DelegatingMethodAccessorImpl.java:43)
	at java.base/java.lang.reflect.Method.invoke(Method.java:569)
	at MC-BOOTSTRAP/fmlloader@1.20.1-47.3.7/net.minecraftforge.fml.loading.targets.CommonLaunchHandler.runTarget(CommonLaunchHandler.java:111)
	at MC-BOOTSTRAP/fmlloader@1.20.1-47.3.7/net.minecraftforge.fml.loading.targets.CommonLaunchHandler.serverService(CommonLaunchHandler.java:103)
	at MC-BOOTSTRAP/fmlloader@1.20.1-47.3.7/net.minecraftforge.fml.loading.targets.CommonServerLaunchHandler.lambda$makeService$0(CommonServerLaunchHandler.java:27)
	at MC-BOOTSTRAP/cpw.mods.modlauncher@10.0.9/cpw.mods.modlauncher.LaunchServiceHandlerDecorator.launch(LaunchServiceHandlerDecorator.java:30)
	at MC-BOOTSTRAP/cpw.mods.modlauncher@10.0.9/cpw.mods.modlauncher.LaunchServiceHandler.launch(LaunchServiceHandler.java:53)
	at MC-BOOTSTRAP/cpw.mods.modlauncher@10.0.9/cpw.mods.modlauncher.LaunchServiceHandler.launch(LaunchServiceHandler.java:71)
	at MC-BOOTSTRAP/cpw.mods.modlauncher@10.0.9/cpw.mods.modlauncher.Launcher.run(Launcher.java:108)
	at MC-BOOTSTRAP/cpw.mods.modlauncher@10.0.9/cpw.mods.modlauncher.Launcher.main(Launcher.java:78)
	at MC-BOOTSTRAP/cpw.mods.modlauncher@10.0.9/cpw.mods.modlauncher.BootstrapLaunchConsumer.accept(BootstrapLaunchConsumer.java:26)
	at MC-BOOTSTRAP/cpw.mods.modlauncher@10.0.9/cpw.mods.modlauncher.BootstrapLaunchConsumer.accept(BootstrapLaunchConsumer.java:23)
	at cpw.mods.bootstraplauncher@1.1.2/cpw.mods.bootstraplauncher.BootstrapLauncher.main(BootstrapLauncher.java:141)
[22:20:53] [main/DEBUG] [REI] ========================================
[22:20:53] [main/DEBUG] [REI] REIPlugin starting pre-reload for START.
[22:20:53] [main/DEBUG] [REI] Reloadables (7):
[22:20:53] [main/DEBUG] [REI]  - EntryTypeRegistryImpl
[22:20:53] [main/DEBUG] [REI]  - EntrySettingsAdapterRegistryImpl
[22:20:53] [main/DEBUG] [REI]  - RecipeManagerContextImpl
[22:20:53] [main/DEBUG] [REI]  - ItemComparatorRegistryImpl
[22:20:53] [main/DEBUG] [REI]  - FluidComparatorRegistryImpl
[22:20:53] [main/DEBUG] [REI]  - DisplaySerializerRegistryImpl
[22:20:53] [main/DEBUG] [REI]  - FluidSupportProviderImpl
[22:20:53] [main/DEBUG] [REI] Plugins (2):
[22:20:53] [main/DEBUG] [REI]  - (-100.00) DefaultPluginImpl of DefaultPluginImpl [roughlyenoughitems]
[22:20:53] [main/DEBUG] [REI]  - (0.00) DefaultRuntimePlugin of DefaultRuntimePlugin [roughlyenoughitems]
[22:20:53] [main/DEBUG] [REI] ========================================
[22:20:53] [main/TRACE] [REI] [REIPlugin START] Reloading Section: "pre-register/"
[22:20:53] [main/TRACE] [REI] [REIPlugin START] Reloading Section: "pre-register/DefaultPluginImpl of DefaultPluginImpl [roughlyenoughitems]/"
[22:20:53] [main/TRACE] [REI] [REIPlugin START] Reloading Section: "pre-register/DefaultPluginImpl of DefaultPluginImpl [roughlyenoughitems]/" done in 1.027 ms
[22:20:53] [main/TRACE] [REI] [REIPlugin START] Reloading Section: "pre-register/DefaultRuntimePlugin of DefaultRuntimePlugin [roughlyenoughitems]/"
[22:20:53] [main/TRACE] [REI] [REIPlugin START] Reloading Section: "pre-register/DefaultRuntimePlugin of DefaultRuntimePlugin [roughlyenoughitems]/" done in 71.60 μs
[22:20:53] [main/TRACE] [REI] [REIPlugin START] Reloading Section: "pre-register/" done in 15.71 ms
[22:20:53] [main/TRACE] [REI] [REIPlugin START] Reloading Section: "pre-stage/"
[22:20:53] [main/TRACE] [REI] [REIPlugin START] Reloading Section: "pre-stage/EntryTypeRegistryImpl/"
[22:20:53] [main/TRACE] [REI] [REIPlugin START] Reloading Section: "pre-stage/EntryTypeRegistryImpl/" done in 245.9 μs
[22:20:53] [main/TRACE] [REI] [REIPlugin START] Reloading Section: "pre-stage/EntrySettingsAdapterRegistryImpl/"
[22:20:53] [main/TRACE] [REI] [REIPlugin START] Reloading Section: "pre-stage/EntrySettingsAdapterRegistryImpl/" done in 54.93 μs
[22:20:53] [main/TRACE] [REI] [REIPlugin START] Reloading Section: "pre-stage/RecipeManagerContextImpl/"
[22:20:53] [main/TRACE] [REI] [REIPlugin START] Reloading Section: "pre-stage/RecipeManagerContextImpl/" done in 54.05 μs
[22:20:53] [main/TRACE] [REI] [REIPlugin START] Reloading Section: "pre-stage/ItemComparatorRegistryImpl/"
[22:20:53] [main/TRACE] [REI] [REIPlugin START] Reloading Section: "pre-stage/ItemComparatorRegistryImpl/" done in 50.43 μs
[22:20:53] [main/TRACE] [REI] [REIPlugin START] Reloading Section: "pre-stage/FluidComparatorRegistryImpl/"
[22:20:53] [main/TRACE] [REI] [REIPlugin START] Reloading Section: "pre-stage/FluidComparatorRegistryImpl/" done in 55.88 μs
[22:20:53] [main/TRACE] [REI] [REIPlugin START] Reloading Section: "pre-stage/DisplaySerializerRegistryImpl/"
[22:20:53] [main/TRACE] [REI] [REIPlugin START] Reloading Section: "pre-stage/DisplaySerializerRegistryImpl/" done in 49.21 μs
[22:20:53] [main/TRACE] [REI] [REIPlugin START] Reloading Section: "pre-stage/FluidSupportProviderImpl/"
[22:20:53] [main/TRACE] [REI] [REIPlugin START] Reloading Section: "pre-stage/FluidSupportProviderImpl/" done in 44.90 μs
[22:20:53] [main/TRACE] [REI] [REIPlugin START] Reloading Section: "pre-stage/" done in 1.864 ms
[22:20:53] [main/DEBUG] [REI] ========================================
[22:20:53] [main/DEBUG] [REI] REIPlugin finished pre-reload for START in 18.59 ms.
[22:20:53] [main/DEBUG] [REI] ========================================
[22:20:53] [main/DEBUG] [REI] ========================================
[22:20:53] [main/DEBUG] [REI] REIServerPlugin starting pre-reload for START.
[22:20:53] [main/DEBUG] [REI] Reloadables (2):
[22:20:53] [main/DEBUG] [REI]  - MenuInfoRegistryImpl
[22:20:53] [main/DEBUG] [REI]  - SlotAccessorRegistryImpl
[22:20:53] [main/DEBUG] [REI] Plugins (2):
[22:20:53] [main/DEBUG] [REI]  - (-100.00) DefaultPluginImpl of DefaultPluginImpl [roughlyenoughitems]
[22:20:53] [main/DEBUG] [REI]  - (0.00) DefaultRuntimePlugin of DefaultRuntimePlugin [roughlyenoughitems]
[22:20:53] [main/DEBUG] [REI] ========================================
[22:20:53] [main/TRACE] [REI] [REIServerPlugin START] Reloading Section: "pre-register/"
[22:20:53] [main/TRACE] [REI] [REIServerPlugin START] Reloading Section: "pre-register/DefaultPluginImpl of DefaultPluginImpl [roughlyenoughitems]/"
[22:20:53] [main/TRACE] [REI] [REIServerPlugin START] Reloading Section: "pre-register/DefaultPluginImpl of DefaultPluginImpl [roughlyenoughitems]/" done in 57.17 μs
[22:20:53] [main/TRACE] [REI] [REIServerPlugin START] Reloading Section: "pre-register/DefaultRuntimePlugin of DefaultRuntimePlugin [roughlyenoughitems]/"
[22:20:53] [main/TRACE] [REI] [REIServerPlugin START] Reloading Section: "pre-register/DefaultRuntimePlugin of DefaultRuntimePlugin [roughlyenoughitems]/" done in 56.86 μs
[22:20:53] [main/TRACE] [REI] [REIServerPlugin START] Reloading Section: "pre-register/" done in 669.3 μs
[22:20:53] [main/TRACE] [REI] [REIServerPlugin START] Reloading Section: "pre-stage/"
[22:20:53] [main/TRACE] [REI] [REIServerPlugin START] Reloading Section: "pre-stage/MenuInfoRegistryImpl/"
[22:20:53] [main/TRACE] [REI] [REIServerPlugin START] Reloading Section: "pre-stage/MenuInfoRegistryImpl/" done in 55.52 μs
[22:20:53] [main/TRACE] [REI] [REIServerPlugin START] Reloading Section: "pre-stage/SlotAccessorRegistryImpl/"
[22:20:53] [main/TRACE] [REI] [REIServerPlugin START] Reloading Section: "pre-stage/SlotAccessorRegistryImpl/" done in 247.6 μs
[22:20:53] [main/TRACE] [REI] [REIServerPlugin START] Reloading Section: "pre-stage/" done in 727.5 μs
[22:20:53] [main/DEBUG] [REI] ========================================
[22:20:53] [main/DEBUG] [REI] REIServerPlugin finished pre-reload for START in 1.929 ms.
[22:20:53] [main/DEBUG] [REI] ========================================
[22:20:53] [main/INFO] [REI] @@@@@@@@@@@@@@@@@@@@@@@@@@@@@@@@@@@@@@@@
[22:20:53] [main/INFO] [REI] REIPlugin starting main-reload for START.
[22:20:53] [main/DEBUG] [REI] Reloadables (7):
[22:20:53] [main/DEBUG] [REI]  - EntryTypeRegistryImpl
[22:20:53] [main/DEBUG] [REI]  - EntrySettingsAdapterRegistryImpl
[22:20:53] [main/DEBUG] [REI]  - RecipeManagerContextImpl
[22:20:53] [main/DEBUG] [REI]  - ItemComparatorRegistryImpl
[22:20:53] [main/DEBUG] [REI]  - FluidComparatorRegistryImpl
[22:20:53] [main/DEBUG] [REI]  - DisplaySerializerRegistryImpl
[22:20:53] [main/DEBUG] [REI]  - FluidSupportProviderImpl
[22:20:53] [main/INFO] [REI] Plugins (2):
[22:20:53] [main/INFO] [REI]  - (-100.00) DefaultPluginImpl of DefaultPluginImpl [roughlyenoughitems]
[22:20:53] [main/INFO] [REI]  - (0.00) DefaultRuntimePlugin of DefaultRuntimePlugin [roughlyenoughitems]
[22:20:53] [main/INFO] [REI] @@@@@@@@@@@@@@@@@@@@@@@@@@@@@@@@@@@@@@@@
[22:20:53] [main/TRACE] [REI] [REIPlugin START] Reloading Section: "start-reload/"
[22:20:53] [main/TRACE] [REI] [REIPlugin START] Reloading Section: "start-reload/EntryTypeRegistryImpl/"
[22:20:53] [main/TRACE] [REI] [REIPlugin START] Reloading Section: "start-reload/EntryTypeRegistryImpl/" done in 90.86 μs
[22:20:53] [main/TRACE] [REI] [REIPlugin START] Reloading Section: "start-reload/EntrySettingsAdapterRegistryImpl/"
[22:20:53] [main/TRACE] [REI] [REIPlugin START] Reloading Section: "start-reload/EntrySettingsAdapterRegistryImpl/" done in 63.56 μs
[22:20:53] [main/TRACE] [REI] [REIPlugin START] Reloading Section: "start-reload/RecipeManagerContextImpl/"
[22:20:53] [main/TRACE] [REI] [REIPlugin START] Reloading Section: "start-reload/RecipeManagerContextImpl/" done in 55.18 μs
[22:20:53] [main/TRACE] [REI] [REIPlugin START] Reloading Section: "start-reload/ItemComparatorRegistryImpl/"
[22:20:53] [main/TRACE] [REI] [REIPlugin START] Reloading Section: "start-reload/ItemComparatorRegistryImpl/" done in 81.17 μs
[22:20:53] [main/TRACE] [REI] [REIPlugin START] Reloading Section: "start-reload/FluidComparatorRegistryImpl/"
[22:20:53] [main/TRACE] [REI] [REIPlugin START] Reloading Section: "start-reload/FluidComparatorRegistryImpl/" done in 83.76 μs
[22:20:53] [main/TRACE] [REI] [REIPlugin START] Reloading Section: "start-reload/DisplaySerializerRegistryImpl/"
[22:20:53] [main/TRACE] [REI] [REIPlugin START] Reloading Section: "start-reload/DisplaySerializerRegistryImpl/" done in 63.06 μs
[22:20:53] [main/TRACE] [REI] [REIPlugin START] Reloading Section: "start-reload/FluidSupportProviderImpl/"
[22:20:53] [main/TRACE] [REI] [REIPlugin START] Reloading Section: "start-reload/FluidSupportProviderImpl/" done in 74.31 μs
[22:20:53] [main/TRACE] [REI] [REIPlugin START] Reloading Section: "start-reload/" done in 1.724 ms
[22:20:53] [main/DEBUG] [REI] ========================================
[22:20:53] [main/DEBUG] [REI] REIPlugin started main-reload for START.
[22:20:53] [main/DEBUG] [REI] ========================================
[22:20:53] [main/TRACE] [REI] [REIPlugin START] Reloading Section: "reloadable-plugin/EntryTypeRegistryImpl/"
[22:20:53] [main/TRACE] [REI] [REIPlugin START] Reloading Section: "reloadable-plugin/EntryTypeRegistryImpl/DefaultPluginImpl of DefaultPluginImpl [roughlyenoughitems]/"
[22:20:53] [main/TRACE] [REI] [REIPlugin START] Reloading Section: "reloadable-plugin/EntryTypeRegistryImpl/DefaultPluginImpl of DefaultPluginImpl [roughlyenoughitems]/" done in 518.0 μs
[22:20:53] [main/TRACE] [REI] [REIPlugin START] Reloading Section: "reloadable-plugin/EntryTypeRegistryImpl/DefaultRuntimePlugin of DefaultRuntimePlugin [roughlyenoughitems]/"
[22:20:53] [main/TRACE] [REI] [REIPlugin START] Reloading Section: "reloadable-plugin/EntryTypeRegistryImpl/DefaultRuntimePlugin of DefaultRuntimePlugin [roughlyenoughitems]/" done in 10.62 ms
[22:20:53] [main/TRACE] [REI] [REIPlugin START] Reloading Section: "reloadable-plugin/EntryTypeRegistryImpl/" done in 13.79 ms
[22:20:53] [main/TRACE] [REI] [REIPlugin START] Reloading Section: "reloadable-plugin/EntrySettingsAdapterRegistryImpl/"
[22:20:53] [main/TRACE] [REI] [REIPlugin START] Reloading Section: "reloadable-plugin/EntrySettingsAdapterRegistryImpl/DefaultPluginImpl of DefaultPluginImpl [roughlyenoughitems]/"
[22:20:53] [main/TRACE] [REI] [REIPlugin START] Reloading Section: "reloadable-plugin/EntrySettingsAdapterRegistryImpl/DefaultPluginImpl of DefaultPluginImpl [roughlyenoughitems]/" done in 59.41 μs
[22:20:53] [main/TRACE] [REI] [REIPlugin START] Reloading Section: "reloadable-plugin/EntrySettingsAdapterRegistryImpl/DefaultRuntimePlugin of DefaultRuntimePlugin [roughlyenoughitems]/"
[22:20:53] [main/TRACE] [REI] [REIPlugin START] Reloading Section: "reloadable-plugin/EntrySettingsAdapterRegistryImpl/DefaultRuntimePlugin of DefaultRuntimePlugin [roughlyenoughitems]/" done in 78.05 μs
[22:20:53] [main/TRACE] [REI] [REIPlugin START] Reloading Section: "reloadable-plugin/EntrySettingsAdapterRegistryImpl/" done in 526.5 μs
[22:20:53] [main/TRACE] [REI] [REIPlugin START] Reloading Section: "reloadable-plugin/RecipeManagerContextImpl/"
[22:20:53] [main/TRACE] [REI] [REIPlugin START] Reloading Section: "reloadable-plugin/RecipeManagerContextImpl/DefaultPluginImpl of DefaultPluginImpl [roughlyenoughitems]/"
[22:20:53] [main/TRACE] [REI] [REIPlugin START] Reloading Section: "reloadable-plugin/RecipeManagerContextImpl/DefaultPluginImpl of DefaultPluginImpl [roughlyenoughitems]/" done in 66.09 μs
[22:20:53] [main/TRACE] [REI] [REIPlugin START] Reloading Section: "reloadable-plugin/RecipeManagerContextImpl/DefaultRuntimePlugin of DefaultRuntimePlugin [roughlyenoughitems]/"
[22:20:53] [main/TRACE] [REI] [REIPlugin START] Reloading Section: "reloadable-plugin/RecipeManagerContextImpl/DefaultRuntimePlugin of DefaultRuntimePlugin [roughlyenoughitems]/" done in 60.46 μs
[22:20:53] [main/TRACE] [REI] [REIPlugin START] Reloading Section: "reloadable-plugin/RecipeManagerContextImpl/" done in 482.3 μs
[22:20:53] [main/TRACE] [REI] [REIPlugin START] Reloading Section: "reloadable-plugin/ItemComparatorRegistryImpl/"
[22:20:53] [main/TRACE] [REI] [REIPlugin START] Reloading Section: "reloadable-plugin/ItemComparatorRegistryImpl/DefaultPluginImpl of DefaultPluginImpl [roughlyenoughitems]/"
[22:20:53] [main/TRACE] [REI] [REIPlugin START] Reloading Section: "reloadable-plugin/ItemComparatorRegistryImpl/DefaultPluginImpl of DefaultPluginImpl [roughlyenoughitems]/" done in 1.097 ms
[22:20:53] [main/TRACE] [REI] [REIPlugin START] Reloading Section: "reloadable-plugin/ItemComparatorRegistryImpl/DefaultRuntimePlugin of DefaultRuntimePlugin [roughlyenoughitems]/"
[22:20:53] [main/TRACE] [REI] [REIPlugin START] Reloading Section: "reloadable-plugin/ItemComparatorRegistryImpl/DefaultRuntimePlugin of DefaultRuntimePlugin [roughlyenoughitems]/" done in 63.40 μs
[22:20:53] [main/TRACE] [REI] [REIPlugin START] Reloading Section: "reloadable-plugin/ItemComparatorRegistryImpl/" done in 1.579 ms
[22:20:53] [main/TRACE] [REI] [REIPlugin START] Reloading Section: "reloadable-plugin/FluidComparatorRegistryImpl/"
[22:20:53] [main/TRACE] [REI] [REIPlugin START] Reloading Section: "reloadable-plugin/FluidComparatorRegistryImpl/DefaultPluginImpl of DefaultPluginImpl [roughlyenoughitems]/"
[22:20:53] [main/TRACE] [REI] [REIPlugin START] Reloading Section: "reloadable-plugin/FluidComparatorRegistryImpl/DefaultPluginImpl of DefaultPluginImpl [roughlyenoughitems]/" done in 618.2 μs
[22:20:53] [main/TRACE] [REI] [REIPlugin START] Reloading Section: "reloadable-plugin/FluidComparatorRegistryImpl/DefaultRuntimePlugin of DefaultRuntimePlugin [roughlyenoughitems]/"
[22:20:53] [main/TRACE] [REI] [REIPlugin START] Reloading Section: "reloadable-plugin/FluidComparatorRegistryImpl/DefaultRuntimePlugin of DefaultRuntimePlugin [roughlyenoughitems]/" done in 404.6 μs
[22:20:53] [main/TRACE] [REI] [REIPlugin START] Reloading Section: "reloadable-plugin/FluidComparatorRegistryImpl/" done in 2.442 ms
[22:20:53] [main/TRACE] [REI] [REIPlugin START] Reloading Section: "reloadable-plugin/DisplaySerializerRegistryImpl/"
[22:20:53] [main/TRACE] [REI] [REIPlugin START] Reloading Section: "reloadable-plugin/DisplaySerializerRegistryImpl/DefaultPluginImpl of DefaultPluginImpl [roughlyenoughitems]/"
[22:20:53] [main/TRACE] [REI] [REIPlugin START] Reloading Section: "reloadable-plugin/DisplaySerializerRegistryImpl/DefaultPluginImpl of DefaultPluginImpl [roughlyenoughitems]/" done in 209.3 μs
[22:20:53] [main/TRACE] [REI] [REIPlugin START] Reloading Section: "reloadable-plugin/DisplaySerializerRegistryImpl/DefaultRuntimePlugin of DefaultRuntimePlugin [roughlyenoughitems]/"
[22:20:53] [main/TRACE] [REI] [REIPlugin START] Reloading Section: "reloadable-plugin/DisplaySerializerRegistryImpl/DefaultRuntimePlugin of DefaultRuntimePlugin [roughlyenoughitems]/" done in 331.7 μs
[22:20:53] [main/TRACE] [REI] [REIPlugin START] Reloading Section: "reloadable-plugin/DisplaySerializerRegistryImpl/" done in 2.125 ms
[22:20:53] [main/TRACE] [REI] [REIPlugin START] Reloading Section: "reloadable-plugin/FluidSupportProviderImpl/"
[22:20:53] [main/TRACE] [REI] [REIPlugin START] Reloading Section: "reloadable-plugin/FluidSupportProviderImpl/DefaultPluginImpl of DefaultPluginImpl [roughlyenoughitems]/"
[22:20:53] [main/TRACE] [REI] [REIPlugin START] Reloading Section: "reloadable-plugin/FluidSupportProviderImpl/DefaultPluginImpl of DefaultPluginImpl [roughlyenoughitems]/" done in 1.594 ms
[22:20:53] [main/TRACE] [REI] [REIPlugin START] Reloading Section: "reloadable-plugin/FluidSupportProviderImpl/DefaultRuntimePlugin of DefaultRuntimePlugin [roughlyenoughitems]/"
[22:20:53] [main/TRACE] [REI] [REIPlugin START] Reloading Section: "reloadable-plugin/FluidSupportProviderImpl/DefaultRuntimePlugin of DefaultRuntimePlugin [roughlyenoughitems]/" done in 111.6 μs
[22:20:53] [main/TRACE] [REI] [REIPlugin START] Reloading Section: "reloadable-plugin/FluidSupportProviderImpl/" done in 2.642 ms
[22:20:53] [main/DEBUG] [REI] ========================================
[22:20:53] [main/DEBUG] [REI] REIPlugin ending main-reload for START.
[22:20:53] [main/DEBUG] [REI] ========================================
[22:20:53] [main/TRACE] [REI] [REIPlugin START] Reloading Section: "end-reload/"
[22:20:53] [main/TRACE] [REI] [REIPlugin START] Reloading Section: "end-reload/EntryTypeRegistryImpl/"
[22:20:53] [main/TRACE] [REI] [REIPlugin START] Reloading Section: "end-reload/EntryTypeRegistryImpl/" done in 51.46 μs
[22:20:53] [main/TRACE] [REI] [REIPlugin START] Reloading Section: "end-reload/EntrySettingsAdapterRegistryImpl/"
[22:20:53] [main/TRACE] [REI] [REIPlugin START] Reloading Section: "end-reload/EntrySettingsAdapterRegistryImpl/" done in 99.46 μs
[22:20:53] [main/TRACE] [REI] [REIPlugin START] Reloading Section: "end-reload/RecipeManagerContextImpl/"
[22:20:53] [main/TRACE] [REI] [REIPlugin START] Reloading Section: "end-reload/RecipeManagerContextImpl/" done in 65.24 μs
[22:20:53] [main/TRACE] [REI] [REIPlugin START] Reloading Section: "end-reload/ItemComparatorRegistryImpl/"
[22:20:53] [main/TRACE] [REI] [REIPlugin START] Reloading Section: "end-reload/ItemComparatorRegistryImpl/" done in 69.73 μs
[22:20:53] [main/TRACE] [REI] [REIPlugin START] Reloading Section: "end-reload/FluidComparatorRegistryImpl/"
[22:20:53] [main/TRACE] [REI] [REIPlugin START] Reloading Section: "end-reload/FluidComparatorRegistryImpl/" done in 46.33 μs
[22:20:53] [main/TRACE] [REI] [REIPlugin START] Reloading Section: "end-reload/DisplaySerializerRegistryImpl/"
[22:20:53] [main/TRACE] [REI] [REIPlugin START] Reloading Section: "end-reload/DisplaySerializerRegistryImpl/" done in 44.88 μs
[22:20:53] [main/TRACE] [REI] [REIPlugin START] Reloading Section: "end-reload/FluidSupportProviderImpl/"
[22:20:53] [main/TRACE] [REI] [REIPlugin START] Reloading Section: "end-reload/FluidSupportProviderImpl/" done in 38.11 μs
[22:20:53] [main/TRACE] [REI] [REIPlugin START] Reloading Section: "end-reload/" done in 1.415 ms
[22:20:53] [main/DEBUG] [REI] ========================================
[22:20:53] [main/DEBUG] [REI] REIPlugin ended main-reload for START in 33.16 ms.
[22:20:53] [main/DEBUG] [REI] ========================================
[22:20:53] [main/INFO] [REI] OOOOOOOOOOOOOOOOOOOOOOOOOOOOOOOOOOOOOOOO
[22:20:53] [main/INFO] [REI] REIServerPlugin starting main-reload for START.
[22:20:53] [main/DEBUG] [REI] Reloadables (2):
[22:20:53] [main/DEBUG] [REI]  - MenuInfoRegistryImpl
[22:20:53] [main/DEBUG] [REI]  - SlotAccessorRegistryImpl
[22:20:53] [main/INFO] [REI] Plugins (2):
[22:20:53] [main/INFO] [REI]  - (-100.00) DefaultPluginImpl of DefaultPluginImpl [roughlyenoughitems]
[22:20:53] [main/INFO] [REI]  - (0.00) DefaultRuntimePlugin of DefaultRuntimePlugin [roughlyenoughitems]
[22:20:53] [main/INFO] [REI] OOOOOOOOOOOOOOOOOOOOOOOOOOOOOOOOOOOOOOOO
[22:20:53] [main/TRACE] [REI] [REIServerPlugin START] Reloading Section: "start-reload/"
[22:20:53] [main/TRACE] [REI] [REIServerPlugin START] Reloading Section: "start-reload/MenuInfoRegistryImpl/"
[22:20:53] [main/TRACE] [REI] [REIServerPlugin START] Reloading Section: "start-reload/MenuInfoRegistryImpl/" done in 65.22 μs
[22:20:53] [main/TRACE] [REI] [REIServerPlugin START] Reloading Section: "start-reload/SlotAccessorRegistryImpl/"
[22:20:53] [main/TRACE] [REI] [REIServerPlugin START] Reloading Section: "start-reload/SlotAccessorRegistryImpl/" done in 62.30 μs
[22:20:53] [main/TRACE] [REI] [REIServerPlugin START] Reloading Section: "start-reload/" done in 502.9 μs
[22:20:53] [main/DEBUG] [REI] ========================================
[22:20:53] [main/DEBUG] [REI] REIServerPlugin started main-reload for START.
[22:20:53] [main/DEBUG] [REI] ========================================
[22:20:53] [main/TRACE] [REI] [REIServerPlugin START] Reloading Section: "reloadable-plugin/MenuInfoRegistryImpl/"
[22:20:53] [main/TRACE] [REI] [REIServerPlugin START] Reloading Section: "reloadable-plugin/MenuInfoRegistryImpl/DefaultPluginImpl of DefaultPluginImpl [roughlyenoughitems]/"
[22:20:53] [main/TRACE] [REI] [REIServerPlugin START] Reloading Section: "reloadable-plugin/MenuInfoRegistryImpl/DefaultPluginImpl of DefaultPluginImpl [roughlyenoughitems]/" done in 60.09 μs
[22:20:53] [main/TRACE] [REI] [REIServerPlugin START] Reloading Section: "reloadable-plugin/MenuInfoRegistryImpl/DefaultRuntimePlugin of DefaultRuntimePlugin [roughlyenoughitems]/"
[22:20:53] [main/TRACE] [REI] [REIServerPlugin START] Reloading Section: "reloadable-plugin/MenuInfoRegistryImpl/DefaultRuntimePlugin of DefaultRuntimePlugin [roughlyenoughitems]/" done in 60.18 μs
[22:20:53] [main/TRACE] [REI] [REIServerPlugin START] Reloading Section: "reloadable-plugin/MenuInfoRegistryImpl/" done in 451.6 μs
[22:20:53] [main/TRACE] [REI] [REIServerPlugin START] Reloading Section: "reloadable-plugin/SlotAccessorRegistryImpl/"
[22:20:53] [main/TRACE] [REI] [REIServerPlugin START] Reloading Section: "reloadable-plugin/SlotAccessorRegistryImpl/DefaultPluginImpl of DefaultPluginImpl [roughlyenoughitems]/"
[22:20:53] [main/TRACE] [REI] [REIServerPlugin START] Reloading Section: "reloadable-plugin/SlotAccessorRegistryImpl/DefaultPluginImpl of DefaultPluginImpl [roughlyenoughitems]/" done in 51.59 μs
[22:20:53] [main/TRACE] [REI] [REIServerPlugin START] Reloading Section: "reloadable-plugin/SlotAccessorRegistryImpl/DefaultRuntimePlugin of DefaultRuntimePlugin [roughlyenoughitems]/"
[22:20:53] [main/TRACE] [REI] [REIServerPlugin START] Reloading Section: "reloadable-plugin/SlotAccessorRegistryImpl/DefaultRuntimePlugin of DefaultRuntimePlugin [roughlyenoughitems]/" done in 72.49 μs
[22:20:53] [main/TRACE] [REI] [REIServerPlugin START] Reloading Section: "reloadable-plugin/SlotAccessorRegistryImpl/" done in 483.4 μs
[22:20:53] [main/DEBUG] [REI] ========================================
[22:20:53] [main/DEBUG] [REI] REIServerPlugin ending main-reload for START.
[22:20:53] [main/DEBUG] [REI] ========================================
[22:20:53] [main/TRACE] [REI] [REIServerPlugin START] Reloading Section: "end-reload/"
[22:20:53] [main/TRACE] [REI] [REIServerPlugin START] Reloading Section: "end-reload/MenuInfoRegistryImpl/"
[22:20:53] [main/TRACE] [REI] [REIServerPlugin START] Reloading Section: "end-reload/MenuInfoRegistryImpl/" done in 48.03 μs
[22:20:53] [main/TRACE] [REI] [REIServerPlugin START] Reloading Section: "end-reload/SlotAccessorRegistryImpl/"
[22:20:53] [main/TRACE] [REI] [REIServerPlugin START] Reloading Section: "end-reload/SlotAccessorRegistryImpl/" done in 47.88 μs
[22:20:53] [main/TRACE] [REI] [REIServerPlugin START] Reloading Section: "end-reload/" done in 380.1 μs
[22:20:53] [main/DEBUG] [REI] ========================================
[22:20:53] [main/DEBUG] [REI] REIServerPlugin ended main-reload for START in 4.960 ms.
[22:20:53] [main/DEBUG] [REI] ========================================
[22:20:53] [main/DEBUG] [REI] ========================================
[22:20:53] [main/DEBUG] [REI] REIPlugin starting post-reload for START.
[22:20:53] [main/DEBUG] [REI] Reloadables (7):
[22:20:53] [main/DEBUG] [REI]  - EntryTypeRegistryImpl
[22:20:53] [main/DEBUG] [REI]  - EntrySettingsAdapterRegistryImpl
[22:20:53] [main/DEBUG] [REI]  - RecipeManagerContextImpl
[22:20:53] [main/DEBUG] [REI]  - ItemComparatorRegistryImpl
[22:20:53] [main/DEBUG] [REI]  - FluidComparatorRegistryImpl
[22:20:53] [main/DEBUG] [REI]  - DisplaySerializerRegistryImpl
[22:20:53] [main/DEBUG] [REI]  - FluidSupportProviderImpl
[22:20:53] [main/DEBUG] [REI] Plugins (2):
[22:20:53] [main/DEBUG] [REI]  - (-100.00) DefaultPluginImpl of DefaultPluginImpl [roughlyenoughitems]
[22:20:53] [main/DEBUG] [REI]  - (0.00) DefaultRuntimePlugin of DefaultRuntimePlugin [roughlyenoughitems]
[22:20:53] [main/DEBUG] [REI] ========================================
[22:20:53] [main/TRACE] [REI] [REIPlugin START] Reloading Section: "post-register/"
[22:20:53] [main/TRACE] [REI] [REIPlugin START] Reloading Section: "post-register/DefaultPluginImpl of DefaultPluginImpl [roughlyenoughitems]/"
[22:20:53] [main/TRACE] [REI] [REIPlugin START] Reloading Section: "post-register/DefaultPluginImpl of DefaultPluginImpl [roughlyenoughitems]/" done in 263.1 μs
[22:20:53] [main/TRACE] [REI] [REIPlugin START] Reloading Section: "post-register/DefaultRuntimePlugin of DefaultRuntimePlugin [roughlyenoughitems]/"
[22:20:53] [main/TRACE] [REI] [REIPlugin START] Reloading Section: "post-register/DefaultRuntimePlugin of DefaultRuntimePlugin [roughlyenoughitems]/" done in 45.65 μs
[22:20:53] [main/TRACE] [REI] [REIPlugin START] Reloading Section: "post-register/" done in 881.7 μs
[22:20:53] [main/TRACE] [REI] [REIPlugin START] Reloading Section: "post-stage/"
[22:20:53] [main/TRACE] [REI] [REIPlugin START] Reloading Section: "post-stage/EntryTypeRegistryImpl/"
[22:20:53] [main/TRACE] [REI] [REIPlugin START] Reloading Section: "post-stage/EntryTypeRegistryImpl/" done in 57.27 μs
[22:20:53] [main/TRACE] [REI] [REIPlugin START] Reloading Section: "post-stage/EntrySettingsAdapterRegistryImpl/"
[22:20:53] [main/TRACE] [REI] [REIPlugin START] Reloading Section: "post-stage/EntrySettingsAdapterRegistryImpl/" done in 40.13 μs
[22:20:53] [main/TRACE] [REI] [REIPlugin START] Reloading Section: "post-stage/RecipeManagerContextImpl/"
[22:20:53] [main/TRACE] [REI] [REIPlugin START] Reloading Section: "post-stage/RecipeManagerContextImpl/" done in 38.12 μs
[22:20:53] [main/TRACE] [REI] [REIPlugin START] Reloading Section: "post-stage/ItemComparatorRegistryImpl/"
[22:20:53] [main/TRACE] [REI] [REIPlugin START] Reloading Section: "post-stage/ItemComparatorRegistryImpl/" done in 44.21 μs
[22:20:53] [main/TRACE] [REI] [REIPlugin START] Reloading Section: "post-stage/FluidComparatorRegistryImpl/"
[22:20:53] [main/TRACE] [REI] [REIPlugin START] Reloading Section: "post-stage/FluidComparatorRegistryImpl/" done in 41.73 μs
[22:20:53] [main/TRACE] [REI] [REIPlugin START] Reloading Section: "post-stage/DisplaySerializerRegistryImpl/"
[22:20:53] [main/TRACE] [REI] [REIPlugin START] Reloading Section: "post-stage/DisplaySerializerRegistryImpl/" done in 45.07 μs
[22:20:53] [main/TRACE] [REI] [REIPlugin START] Reloading Section: "post-stage/FluidSupportProviderImpl/"
[22:20:53] [main/TRACE] [REI] [REIPlugin START] Reloading Section: "post-stage/FluidSupportProviderImpl/" done in 39.95 μs
[22:20:53] [main/TRACE] [REI] [REIPlugin START] Reloading Section: "post-stage/" done in 1.197 ms
[22:20:53] [main/DEBUG] [REI] ========================================
[22:20:53] [main/INFO] [REI] REIPlugin finished post-reload for START in 2.905 ms, totaling 54.61 ms.
[22:20:53] [main/DEBUG] [REI] ========================================
[22:20:53] [main/DEBUG] [REI] ========================================
[22:20:53] [main/DEBUG] [REI] REIServerPlugin starting post-reload for START.
[22:20:53] [main/DEBUG] [REI] Reloadables (2):
[22:20:53] [main/DEBUG] [REI]  - MenuInfoRegistryImpl
[22:20:53] [main/DEBUG] [REI]  - SlotAccessorRegistryImpl
[22:20:53] [main/DEBUG] [REI] Plugins (2):
[22:20:53] [main/DEBUG] [REI]  - (-100.00) DefaultPluginImpl of DefaultPluginImpl [roughlyenoughitems]
[22:20:53] [main/DEBUG] [REI]  - (0.00) DefaultRuntimePlugin of DefaultRuntimePlugin [roughlyenoughitems]
[22:20:53] [main/DEBUG] [REI] ========================================
[22:20:53] [main/TRACE] [REI] [REIServerPlugin START] Reloading Section: "post-register/"
[22:20:53] [main/TRACE] [REI] [REIServerPlugin START] Reloading Section: "post-register/DefaultPluginImpl of DefaultPluginImpl [roughlyenoughitems]/"
[22:20:53] [main/TRACE] [REI] [REIServerPlugin START] Reloading Section: "post-register/DefaultPluginImpl of DefaultPluginImpl [roughlyenoughitems]/" done in 37.46 μs
[22:20:53] [main/TRACE] [REI] [REIServerPlugin START] Reloading Section: "post-register/DefaultRuntimePlugin of DefaultRuntimePlugin [roughlyenoughitems]/"
[22:20:53] [main/TRACE] [REI] [REIServerPlugin START] Reloading Section: "post-register/DefaultRuntimePlugin of DefaultRuntimePlugin [roughlyenoughitems]/" done in 65.33 μs
[22:20:53] [main/TRACE] [REI] [REIServerPlugin START] Reloading Section: "post-register/" done in 407.8 μs
[22:20:53] [main/TRACE] [REI] [REIServerPlugin START] Reloading Section: "post-stage/"
[22:20:53] [main/TRACE] [REI] [REIServerPlugin START] Reloading Section: "post-stage/MenuInfoRegistryImpl/"
[22:20:53] [main/TRACE] [REI] [REIServerPlugin START] Reloading Section: "post-stage/MenuInfoRegistryImpl/" done in 32.20 μs
[22:20:53] [main/TRACE] [REI] [REIServerPlugin START] Reloading Section: "post-stage/SlotAccessorRegistryImpl/"
[22:20:53] [main/TRACE] [REI] [REIServerPlugin START] Reloading Section: "post-stage/SlotAccessorRegistryImpl/" done in 41.24 μs
[22:20:53] [main/TRACE] [REI] [REIServerPlugin START] Reloading Section: "post-stage/" done in 344.1 μs
[22:20:53] [main/DEBUG] [REI] ========================================
[22:20:53] [main/INFO] [REI] REIServerPlugin finished post-reload for START in 1.015 ms, totaling 7.817 ms.
[22:20:53] [main/DEBUG] [REI] ========================================
[22:20:53] [main/DEBUG] [REI] ========================================
[22:20:53] [main/DEBUG] [REI] REIPlugin starting pre-reload for END.
[22:20:53] [main/DEBUG] [REI] Reloadables (7):
[22:20:53] [main/DEBUG] [REI]  - EntryTypeRegistryImpl
[22:20:53] [main/DEBUG] [REI]  - EntrySettingsAdapterRegistryImpl
[22:20:53] [main/DEBUG] [REI]  - RecipeManagerContextImpl
[22:20:53] [main/DEBUG] [REI]  - ItemComparatorRegistryImpl
[22:20:53] [main/DEBUG] [REI]  - FluidComparatorRegistryImpl
[22:20:53] [main/DEBUG] [REI]  - DisplaySerializerRegistryImpl
[22:20:53] [main/DEBUG] [REI]  - FluidSupportProviderImpl
[22:20:53] [main/DEBUG] [REI] Plugins (2):
[22:20:53] [main/DEBUG] [REI]  - (-100.00) DefaultPluginImpl of DefaultPluginImpl [roughlyenoughitems]
[22:20:53] [main/DEBUG] [REI]  - (0.00) DefaultRuntimePlugin of DefaultRuntimePlugin [roughlyenoughitems]
[22:20:53] [main/DEBUG] [REI] ========================================
[22:20:53] [main/TRACE] [REI] [REIPlugin END] Reloading Section: "pre-register/"
[22:20:53] [main/TRACE] [REI] [REIPlugin END] Reloading Section: "pre-register/DefaultPluginImpl of DefaultPluginImpl [roughlyenoughitems]/"
[22:20:53] [main/TRACE] [REI] [REIPlugin END] Reloading Section: "pre-register/DefaultPluginImpl of DefaultPluginImpl [roughlyenoughitems]/" done in 47.46 μs
[22:20:53] [main/TRACE] [REI] [REIPlugin END] Reloading Section: "pre-register/DefaultRuntimePlugin of DefaultRuntimePlugin [roughlyenoughitems]/"
[22:20:53] [main/TRACE] [REI] [REIPlugin END] Reloading Section: "pre-register/DefaultRuntimePlugin of DefaultRuntimePlugin [roughlyenoughitems]/" done in 48.77 μs
[22:20:53] [main/TRACE] [REI] [REIPlugin END] Reloading Section: "pre-register/" done in 596.2 μs
[22:20:53] [main/TRACE] [REI] [REIPlugin END] Reloading Section: "pre-stage/"
[22:20:53] [main/TRACE] [REI] [REIPlugin END] Reloading Section: "pre-stage/EntryTypeRegistryImpl/"
[22:20:53] [main/TRACE] [REI] [REIPlugin END] Reloading Section: "pre-stage/EntryTypeRegistryImpl/" done in 42.54 μs
[22:20:53] [main/TRACE] [REI] [REIPlugin END] Reloading Section: "pre-stage/EntrySettingsAdapterRegistryImpl/"
[22:20:53] [main/TRACE] [REI] [REIPlugin END] Reloading Section: "pre-stage/EntrySettingsAdapterRegistryImpl/" done in 48.82 μs
[22:20:53] [main/TRACE] [REI] [REIPlugin END] Reloading Section: "pre-stage/RecipeManagerContextImpl/"
[22:20:53] [main/TRACE] [REI] [REIPlugin END] Reloading Section: "pre-stage/RecipeManagerContextImpl/" done in 134.0 μs
[22:20:53] [main/TRACE] [REI] [REIPlugin END] Reloading Section: "pre-stage/ItemComparatorRegistryImpl/"
[22:20:53] [main/TRACE] [REI] [REIPlugin END] Reloading Section: "pre-stage/ItemComparatorRegistryImpl/" done in 75.39 μs
[22:20:53] [main/TRACE] [REI] [REIPlugin END] Reloading Section: "pre-stage/FluidComparatorRegistryImpl/"
[22:20:53] [main/TRACE] [REI] [REIPlugin END] Reloading Section: "pre-stage/FluidComparatorRegistryImpl/" done in 80.31 μs
[22:20:53] [main/TRACE] [REI] [REIPlugin END] Reloading Section: "pre-stage/DisplaySerializerRegistryImpl/"
[22:20:53] [main/TRACE] [REI] [REIPlugin END] Reloading Section: "pre-stage/DisplaySerializerRegistryImpl/" done in 129.3 μs
[22:20:53] [main/TRACE] [REI] [REIPlugin END] Reloading Section: "pre-stage/FluidSupportProviderImpl/"
[22:20:53] [main/TRACE] [REI] [REIPlugin END] Reloading Section: "pre-stage/FluidSupportProviderImpl/" done in 77.36 μs
[22:20:53] [main/TRACE] [REI] [REIPlugin END] Reloading Section: "pre-stage/" done in 2.981 ms
[22:20:53] [main/DEBUG] [REI] ========================================
[22:20:53] [main/DEBUG] [REI] REIPlugin finished pre-reload for END in 4.674 ms.
[22:20:53] [main/DEBUG] [REI] ========================================
[22:20:53] [main/DEBUG] [REI] ========================================
[22:20:53] [main/DEBUG] [REI] REIServerPlugin starting pre-reload for END.
[22:20:53] [main/DEBUG] [REI] Reloadables (2):
[22:20:53] [main/DEBUG] [REI]  - MenuInfoRegistryImpl
[22:20:53] [main/DEBUG] [REI]  - SlotAccessorRegistryImpl
[22:20:53] [main/DEBUG] [REI] Plugins (2):
[22:20:53] [main/DEBUG] [REI]  - (-100.00) DefaultPluginImpl of DefaultPluginImpl [roughlyenoughitems]
[22:20:53] [main/DEBUG] [REI]  - (0.00) DefaultRuntimePlugin of DefaultRuntimePlugin [roughlyenoughitems]
[22:20:53] [main/DEBUG] [REI] ========================================
[22:20:53] [main/TRACE] [REI] [REIServerPlugin END] Reloading Section: "pre-register/"
[22:20:53] [main/TRACE] [REI] [REIServerPlugin END] Reloading Section: "pre-register/DefaultPluginImpl of DefaultPluginImpl [roughlyenoughitems]/"
[22:20:53] [main/TRACE] [REI] [REIServerPlugin END] Reloading Section: "pre-register/DefaultPluginImpl of DefaultPluginImpl [roughlyenoughitems]/" done in 45.30 μs
[22:20:53] [main/TRACE] [REI] [REIServerPlugin END] Reloading Section: "pre-register/DefaultRuntimePlugin of DefaultRuntimePlugin [roughlyenoughitems]/"
[22:20:53] [main/TRACE] [REI] [REIServerPlugin END] Reloading Section: "pre-register/DefaultRuntimePlugin of DefaultRuntimePlugin [roughlyenoughitems]/" done in 49.92 μs
[22:20:53] [main/TRACE] [REI] [REIServerPlugin END] Reloading Section: "pre-register/" done in 395.0 μs
[22:20:53] [main/TRACE] [REI] [REIServerPlugin END] Reloading Section: "pre-stage/"
[22:20:53] [main/TRACE] [REI] [REIServerPlugin END] Reloading Section: "pre-stage/MenuInfoRegistryImpl/"
[22:20:53] [main/TRACE] [REI] [REIServerPlugin END] Reloading Section: "pre-stage/MenuInfoRegistryImpl/" done in 40.79 μs
[22:20:53] [main/TRACE] [REI] [REIServerPlugin END] Reloading Section: "pre-stage/SlotAccessorRegistryImpl/"
[22:20:53] [main/TRACE] [REI] [REIServerPlugin END] Reloading Section: "pre-stage/SlotAccessorRegistryImpl/" done in 50.66 μs
[22:20:53] [main/TRACE] [REI] [REIServerPlugin END] Reloading Section: "pre-stage/" done in 368.9 μs
[22:20:53] [main/DEBUG] [REI] ========================================
[22:20:53] [main/DEBUG] [REI] REIServerPlugin finished pre-reload for END in 986.8 μs.
[22:20:53] [main/DEBUG] [REI] ========================================
[22:20:53] [main/INFO] [REI] ========================================
[22:20:53] [main/INFO] [REI] REIPlugin starting main-reload for END.
[22:20:53] [main/DEBUG] [REI] Reloadables (7):
[22:20:53] [main/DEBUG] [REI]  - EntryTypeRegistryImpl
[22:20:53] [main/DEBUG] [REI]  - EntrySettingsAdapterRegistryImpl
[22:20:53] [main/DEBUG] [REI]  - RecipeManagerContextImpl
[22:20:53] [main/DEBUG] [REI]  - ItemComparatorRegistryImpl
[22:20:53] [main/DEBUG] [REI]  - FluidComparatorRegistryImpl
[22:20:53] [main/DEBUG] [REI]  - DisplaySerializerRegistryImpl
[22:20:53] [main/DEBUG] [REI]  - FluidSupportProviderImpl
[22:20:53] [main/INFO] [REI] Plugins (2):
[22:20:53] [main/INFO] [REI]  - (-100.00) DefaultPluginImpl of DefaultPluginImpl [roughlyenoughitems]
[22:20:53] [main/INFO] [REI]  - (0.00) DefaultRuntimePlugin of DefaultRuntimePlugin [roughlyenoughitems]
[22:20:53] [main/INFO] [REI] ========================================
[22:20:53] [main/TRACE] [REI] [REIPlugin END] Reloading Section: "start-reload/"
[22:20:53] [main/TRACE] [REI] [REIPlugin END] Reloading Section: "start-reload/EntryTypeRegistryImpl/"
[22:20:53] [main/TRACE] [REI] [REIPlugin END] Reloading Section: "start-reload/EntryTypeRegistryImpl/" done in 45.32 μs
[22:20:53] [main/TRACE] [REI] [REIPlugin END] Reloading Section: "start-reload/EntrySettingsAdapterRegistryImpl/"
[22:20:53] [main/TRACE] [REI] [REIPlugin END] Reloading Section: "start-reload/EntrySettingsAdapterRegistryImpl/" done in 56.18 μs
[22:20:53] [main/TRACE] [REI] [REIPlugin END] Reloading Section: "start-reload/RecipeManagerContextImpl/"
[22:20:53] [main/TRACE] [REI] [REIPlugin END] Reloading Section: "start-reload/RecipeManagerContextImpl/" done in 42.10 μs
[22:20:53] [main/TRACE] [REI] [REIPlugin END] Reloading Section: "start-reload/ItemComparatorRegistryImpl/"
[22:20:53] [main/TRACE] [REI] [REIPlugin END] Reloading Section: "start-reload/ItemComparatorRegistryImpl/" done in 539.2 μs
[22:20:53] [main/TRACE] [REI] [REIPlugin END] Reloading Section: "start-reload/FluidComparatorRegistryImpl/"
[22:20:53] [main/TRACE] [REI] [REIPlugin END] Reloading Section: "start-reload/FluidComparatorRegistryImpl/" done in 95.99 μs
[22:20:53] [main/TRACE] [REI] [REIPlugin END] Reloading Section: "start-reload/DisplaySerializerRegistryImpl/"
[22:20:53] [main/TRACE] [REI] [REIPlugin END] Reloading Section: "start-reload/DisplaySerializerRegistryImpl/" done in 127.8 μs
[22:20:53] [main/TRACE] [REI] [REIPlugin END] Reloading Section: "start-reload/FluidSupportProviderImpl/"
[22:20:53] [main/TRACE] [REI] [REIPlugin END] Reloading Section: "start-reload/FluidSupportProviderImpl/" done in 107.7 μs
[22:20:53] [main/TRACE] [REI] [REIPlugin END] Reloading Section: "start-reload/" done in 2.138 ms
[22:20:53] [main/DEBUG] [REI] ========================================
[22:20:53] [main/DEBUG] [REI] REIPlugin started main-reload for END.
[22:20:53] [main/DEBUG] [REI] ========================================
[22:20:53] [main/TRACE] [REI] [REIPlugin END] Reloading Section: "reloadable-plugin/EntryTypeRegistryImpl/"
[22:20:53] [main/TRACE] [REI] [REIPlugin END] Reloading Section: "reloadable-plugin/EntryTypeRegistryImpl/DefaultPluginImpl of DefaultPluginImpl [roughlyenoughitems]/"
[22:20:53] [main/TRACE] [REI] [REIPlugin END] Reloading Section: "reloadable-plugin/EntryTypeRegistryImpl/DefaultPluginImpl of DefaultPluginImpl [roughlyenoughitems]/" done in 64.02 μs
[22:20:53] [main/TRACE] [REI] [REIPlugin END] Reloading Section: "reloadable-plugin/EntryTypeRegistryImpl/DefaultRuntimePlugin of DefaultRuntimePlugin [roughlyenoughitems]/"
[22:20:53] [main/TRACE] [REI] [REIPlugin END] Reloading Section: "reloadable-plugin/EntryTypeRegistryImpl/DefaultRuntimePlugin of DefaultRuntimePlugin [roughlyenoughitems]/" done in 56.81 μs
[22:20:53] [main/TRACE] [REI] [REIPlugin END] Reloading Section: "reloadable-plugin/EntryTypeRegistryImpl/" done in 455.4 μs
[22:20:53] [main/TRACE] [REI] [REIPlugin END] Reloading Section: "reloadable-plugin/EntrySettingsAdapterRegistryImpl/"
[22:20:53] [main/TRACE] [REI] [REIPlugin END] Reloading Section: "reloadable-plugin/EntrySettingsAdapterRegistryImpl/DefaultPluginImpl of DefaultPluginImpl [roughlyenoughitems]/"
[22:20:53] [main/TRACE] [REI] [REIPlugin END] Reloading Section: "reloadable-plugin/EntrySettingsAdapterRegistryImpl/DefaultPluginImpl of DefaultPluginImpl [roughlyenoughitems]/" done in 65.08 μs
[22:20:53] [main/TRACE] [REI] [REIPlugin END] Reloading Section: "reloadable-plugin/EntrySettingsAdapterRegistryImpl/DefaultRuntimePlugin of DefaultRuntimePlugin [roughlyenoughitems]/"
[22:20:53] [main/TRACE] [REI] [REIPlugin END] Reloading Section: "reloadable-plugin/EntrySettingsAdapterRegistryImpl/DefaultRuntimePlugin of DefaultRuntimePlugin [roughlyenoughitems]/" done in 61.40 μs
[22:20:53] [main/TRACE] [REI] [REIPlugin END] Reloading Section: "reloadable-plugin/EntrySettingsAdapterRegistryImpl/" done in 671.1 μs
[22:20:53] [main/TRACE] [REI] [REIPlugin END] Reloading Section: "reloadable-plugin/RecipeManagerContextImpl/"
[22:20:53] [main/TRACE] [REI] [REIPlugin END] Reloading Section: "reloadable-plugin/RecipeManagerContextImpl/DefaultPluginImpl of DefaultPluginImpl [roughlyenoughitems]/"
[22:20:53] [main/TRACE] [REI] [REIPlugin END] Reloading Section: "reloadable-plugin/RecipeManagerContextImpl/DefaultPluginImpl of DefaultPluginImpl [roughlyenoughitems]/" done in 110.4 μs
[22:20:53] [main/TRACE] [REI] [REIPlugin END] Reloading Section: "reloadable-plugin/RecipeManagerContextImpl/DefaultRuntimePlugin of DefaultRuntimePlugin [roughlyenoughitems]/"
[22:20:53] [main/TRACE] [REI] [REIPlugin END] Reloading Section: "reloadable-plugin/RecipeManagerContextImpl/DefaultRuntimePlugin of DefaultRuntimePlugin [roughlyenoughitems]/" done in 149.1 μs
[22:20:53] [main/TRACE] [REI] [REIPlugin END] Reloading Section: "reloadable-plugin/RecipeManagerContextImpl/" done in 862.3 μs
[22:20:53] [main/TRACE] [REI] [REIPlugin END] Reloading Section: "reloadable-plugin/ItemComparatorRegistryImpl/"
[22:20:53] [main/TRACE] [REI] [REIPlugin END] Reloading Section: "reloadable-plugin/ItemComparatorRegistryImpl/DefaultPluginImpl of DefaultPluginImpl [roughlyenoughitems]/"
[22:20:53] [main/TRACE] [REI] [REIPlugin END] Reloading Section: "reloadable-plugin/ItemComparatorRegistryImpl/DefaultPluginImpl of DefaultPluginImpl [roughlyenoughitems]/" done in 114.3 μs
[22:20:53] [main/TRACE] [REI] [REIPlugin END] Reloading Section: "reloadable-plugin/ItemComparatorRegistryImpl/DefaultRuntimePlugin of DefaultRuntimePlugin [roughlyenoughitems]/"
[22:20:53] [main/TRACE] [REI] [REIPlugin END] Reloading Section: "reloadable-plugin/ItemComparatorRegistryImpl/DefaultRuntimePlugin of DefaultRuntimePlugin [roughlyenoughitems]/" done in 141.8 μs
[22:20:53] [main/TRACE] [REI] [REIPlugin END] Reloading Section: "reloadable-plugin/ItemComparatorRegistryImpl/" done in 839.7 μs
[22:20:53] [main/TRACE] [REI] [REIPlugin END] Reloading Section: "reloadable-plugin/FluidComparatorRegistryImpl/"
[22:20:53] [main/TRACE] [REI] [REIPlugin END] Reloading Section: "reloadable-plugin/FluidComparatorRegistryImpl/DefaultPluginImpl of DefaultPluginImpl [roughlyenoughitems]/"
[22:20:53] [main/TRACE] [REI] [REIPlugin END] Reloading Section: "reloadable-plugin/FluidComparatorRegistryImpl/DefaultPluginImpl of DefaultPluginImpl [roughlyenoughitems]/" done in 147.2 μs
[22:20:53] [main/TRACE] [REI] [REIPlugin END] Reloading Section: "reloadable-plugin/FluidComparatorRegistryImpl/DefaultRuntimePlugin of DefaultRuntimePlugin [roughlyenoughitems]/"
[22:20:53] [main/TRACE] [REI] [REIPlugin END] Reloading Section: "reloadable-plugin/FluidComparatorRegistryImpl/DefaultRuntimePlugin of DefaultRuntimePlugin [roughlyenoughitems]/" done in 132.4 μs
[22:20:53] [main/TRACE] [REI] [REIPlugin END] Reloading Section: "reloadable-plugin/FluidComparatorRegistryImpl/" done in 720.9 μs
[22:20:53] [main/TRACE] [REI] [REIPlugin END] Reloading Section: "reloadable-plugin/DisplaySerializerRegistryImpl/"
[22:20:53] [main/TRACE] [REI] [REIPlugin END] Reloading Section: "reloadable-plugin/DisplaySerializerRegistryImpl/DefaultPluginImpl of DefaultPluginImpl [roughlyenoughitems]/"
[22:20:53] [main/TRACE] [REI] [REIPlugin END] Reloading Section: "reloadable-plugin/DisplaySerializerRegistryImpl/DefaultPluginImpl of DefaultPluginImpl [roughlyenoughitems]/" done in 24.22 ms
[22:20:53] [main/TRACE] [REI] [REIPlugin END] Reloading Section: "reloadable-plugin/DisplaySerializerRegistryImpl/DefaultRuntimePlugin of DefaultRuntimePlugin [roughlyenoughitems]/"
[22:20:53] [main/TRACE] [REI] [REIPlugin END] Reloading Section: "reloadable-plugin/DisplaySerializerRegistryImpl/DefaultRuntimePlugin of DefaultRuntimePlugin [roughlyenoughitems]/" done in 128.7 μs
[22:20:53] [main/TRACE] [REI] [REIPlugin END] Reloading Section: "reloadable-plugin/DisplaySerializerRegistryImpl/" done in 24.96 ms
[22:20:53] [main/TRACE] [REI] [REIPlugin END] Reloading Section: "reloadable-plugin/FluidSupportProviderImpl/"
[22:20:53] [main/TRACE] [REI] [REIPlugin END] Reloading Section: "reloadable-plugin/FluidSupportProviderImpl/DefaultPluginImpl of DefaultPluginImpl [roughlyenoughitems]/"
[22:20:53] [main/TRACE] [REI] [REIPlugin END] Reloading Section: "reloadable-plugin/FluidSupportProviderImpl/DefaultPluginImpl of DefaultPluginImpl [roughlyenoughitems]/" done in 127.0 μs
[22:20:53] [main/TRACE] [REI] [REIPlugin END] Reloading Section: "reloadable-plugin/FluidSupportProviderImpl/DefaultRuntimePlugin of DefaultRuntimePlugin [roughlyenoughitems]/"
[22:20:53] [main/TRACE] [REI] [REIPlugin END] Reloading Section: "reloadable-plugin/FluidSupportProviderImpl/DefaultRuntimePlugin of DefaultRuntimePlugin [roughlyenoughitems]/" done in 135.7 μs
[22:20:53] [main/TRACE] [REI] [REIPlugin END] Reloading Section: "reloadable-plugin/FluidSupportProviderImpl/" done in 745.7 μs
[22:20:53] [main/DEBUG] [REI] ========================================
[22:20:53] [main/DEBUG] [REI] REIPlugin ending main-reload for END.
[22:20:53] [main/DEBUG] [REI] ========================================
[22:20:53] [main/TRACE] [REI] [REIPlugin END] Reloading Section: "end-reload/"
[22:20:53] [main/TRACE] [REI] [REIPlugin END] Reloading Section: "end-reload/EntryTypeRegistryImpl/"
[22:20:53] [main/TRACE] [REI] [REIPlugin END] Reloading Section: "end-reload/EntryTypeRegistryImpl/" done in 37.63 μs
[22:20:53] [main/TRACE] [REI] [REIPlugin END] Reloading Section: "end-reload/EntrySettingsAdapterRegistryImpl/"
[22:20:53] [main/TRACE] [REI] [REIPlugin END] Reloading Section: "end-reload/EntrySettingsAdapterRegistryImpl/" done in 36.67 μs
[22:20:53] [main/TRACE] [REI] [REIPlugin END] Reloading Section: "end-reload/RecipeManagerContextImpl/"
[22:20:53] [main/TRACE] [REI] [REIPlugin END] Reloading Section: "end-reload/RecipeManagerContextImpl/" done in 34.49 μs
[22:20:53] [main/TRACE] [REI] [REIPlugin END] Reloading Section: "end-reload/ItemComparatorRegistryImpl/"
[22:20:53] [main/TRACE] [REI] [REIPlugin END] Reloading Section: "end-reload/ItemComparatorRegistryImpl/" done in 36.91 μs
[22:20:53] [main/TRACE] [REI] [REIPlugin END] Reloading Section: "end-reload/FluidComparatorRegistryImpl/"
[22:20:53] [main/TRACE] [REI] [REIPlugin END] Reloading Section: "end-reload/FluidComparatorRegistryImpl/" done in 34.86 μs
[22:20:53] [main/TRACE] [REI] [REIPlugin END] Reloading Section: "end-reload/DisplaySerializerRegistryImpl/"
[22:20:53] [main/TRACE] [REI] [REIPlugin END] Reloading Section: "end-reload/DisplaySerializerRegistryImpl/" done in 31.99 μs
[22:20:53] [main/TRACE] [REI] [REIPlugin END] Reloading Section: "end-reload/FluidSupportProviderImpl/"
[22:20:53] [main/TRACE] [REI] [REIPlugin END] Reloading Section: "end-reload/FluidSupportProviderImpl/" done in 47.77 μs
[22:20:53] [main/TRACE] [REI] [REIPlugin END] Reloading Section: "end-reload/" done in 1.033 ms
[22:20:53] [main/DEBUG] [REI] ========================================
[22:20:53] [main/DEBUG] [REI] REIPlugin ended main-reload for END in 37.69 ms.
[22:20:53] [main/DEBUG] [REI] ========================================
[22:20:53] [main/INFO] [REI] OOOOOOOOOOOOOOOOOOOOOOOOOOOOOOOOOOOOOOOO
[22:20:53] [main/INFO] [REI] REIServerPlugin starting main-reload for END.
[22:20:53] [main/DEBUG] [REI] Reloadables (2):
[22:20:53] [main/DEBUG] [REI]  - MenuInfoRegistryImpl
[22:20:53] [main/DEBUG] [REI]  - SlotAccessorRegistryImpl
[22:20:53] [main/INFO] [REI] Plugins (2):
[22:20:53] [main/INFO] [REI]  - (-100.00) DefaultPluginImpl of DefaultPluginImpl [roughlyenoughitems]
[22:20:53] [main/INFO] [REI]  - (0.00) DefaultRuntimePlugin of DefaultRuntimePlugin [roughlyenoughitems]
[22:20:53] [main/INFO] [REI] OOOOOOOOOOOOOOOOOOOOOOOOOOOOOOOOOOOOOOOO
[22:20:53] [main/TRACE] [REI] [REIServerPlugin END] Reloading Section: "start-reload/"
[22:20:53] [main/TRACE] [REI] [REIServerPlugin END] Reloading Section: "start-reload/MenuInfoRegistryImpl/"
[22:20:53] [main/TRACE] [REI] [REIServerPlugin END] Reloading Section: "start-reload/MenuInfoRegistryImpl/" done in 46.51 μs
[22:20:53] [main/TRACE] [REI] [REIServerPlugin END] Reloading Section: "start-reload/SlotAccessorRegistryImpl/"
[22:20:53] [main/TRACE] [REI] [REIServerPlugin END] Reloading Section: "start-reload/SlotAccessorRegistryImpl/" done in 49.57 μs
[22:20:53] [main/TRACE] [REI] [REIServerPlugin END] Reloading Section: "start-reload/" done in 362.2 μs
[22:20:53] [main/DEBUG] [REI] ========================================
[22:20:53] [main/DEBUG] [REI] REIServerPlugin started main-reload for END.
[22:20:53] [main/DEBUG] [REI] ========================================
[22:20:53] [main/TRACE] [REI] [REIServerPlugin END] Reloading Section: "reloadable-plugin/MenuInfoRegistryImpl/"
[22:20:53] [main/TRACE] [REI] [REIServerPlugin END] Reloading Section: "reloadable-plugin/MenuInfoRegistryImpl/DefaultPluginImpl of DefaultPluginImpl [roughlyenoughitems]/"
[22:20:53] [main/TRACE] [REI] [REIServerPlugin END] Reloading Section: "reloadable-plugin/MenuInfoRegistryImpl/DefaultPluginImpl of DefaultPluginImpl [roughlyenoughitems]/" done in 70.50 μs
[22:20:53] [main/TRACE] [REI] [REIServerPlugin END] Reloading Section: "reloadable-plugin/MenuInfoRegistryImpl/DefaultRuntimePlugin of DefaultRuntimePlugin [roughlyenoughitems]/"
[22:20:53] [main/TRACE] [REI] [REIServerPlugin END] Reloading Section: "reloadable-plugin/MenuInfoRegistryImpl/DefaultRuntimePlugin of DefaultRuntimePlugin [roughlyenoughitems]/" done in 66.23 μs
[22:20:53] [main/TRACE] [REI] [REIServerPlugin END] Reloading Section: "reloadable-plugin/MenuInfoRegistryImpl/" done in 498.0 μs
[22:20:53] [main/TRACE] [REI] [REIServerPlugin END] Reloading Section: "reloadable-plugin/SlotAccessorRegistryImpl/"
[22:20:53] [main/TRACE] [REI] [REIServerPlugin END] Reloading Section: "reloadable-plugin/SlotAccessorRegistryImpl/DefaultPluginImpl of DefaultPluginImpl [roughlyenoughitems]/"
[22:20:53] [main/TRACE] [REI] [REIServerPlugin END] Reloading Section: "reloadable-plugin/SlotAccessorRegistryImpl/DefaultPluginImpl of DefaultPluginImpl [roughlyenoughitems]/" done in 67.41 μs
[22:20:53] [main/TRACE] [REI] [REIServerPlugin END] Reloading Section: "reloadable-plugin/SlotAccessorRegistryImpl/DefaultRuntimePlugin of DefaultRuntimePlugin [roughlyenoughitems]/"
[22:20:53] [main/DEBUG] [REI] Added slot accessor serializer: me.shedaniel.rei.plugin.common.runtime.DefaultRuntimePlugin$1@2cf2bcf8 [roughlyenoughitems:vanilla]
[22:20:53] [main/DEBUG] [REI] Added slot accessor serializer: me.shedaniel.rei.plugin.common.runtime.DefaultRuntimePlugin$2@71654995 [roughlyenoughitems:player]
[22:20:53] [main/TRACE] [REI] [REIServerPlugin END] Reloading Section: "reloadable-plugin/SlotAccessorRegistryImpl/DefaultRuntimePlugin of DefaultRuntimePlugin [roughlyenoughitems]/" done in 1.998 ms
[22:20:53] [main/TRACE] [REI] [REIServerPlugin END] Reloading Section: "reloadable-plugin/SlotAccessorRegistryImpl/" done in 2.456 ms
[22:20:53] [main/DEBUG] [REI] ========================================
[22:20:53] [main/DEBUG] [REI] REIServerPlugin ending main-reload for END.
[22:20:53] [main/DEBUG] [REI] ========================================
[22:20:53] [main/TRACE] [REI] [REIServerPlugin END] Reloading Section: "end-reload/"
[22:20:53] [main/TRACE] [REI] [REIServerPlugin END] Reloading Section: "end-reload/MenuInfoRegistryImpl/"
[22:20:53] [main/DEBUG] [REI] Registered 0 menu infos
[22:20:53] [main/TRACE] [REI] [REIServerPlugin END] Reloading Section: "end-reload/MenuInfoRegistryImpl/" done in 159.9 μs
[22:20:53] [main/TRACE] [REI] [REIServerPlugin END] Reloading Section: "end-reload/SlotAccessorRegistryImpl/"
[22:20:53] [main/DEBUG] [REI] Registered 2 slot accessor serializers
[22:20:53] [main/TRACE] [REI] [REIServerPlugin END] Reloading Section: "end-reload/SlotAccessorRegistryImpl/" done in 100.2 μs
[22:20:53] [main/TRACE] [REI] [REIServerPlugin END] Reloading Section: "end-reload/" done in 514.7 μs
[22:20:53] [main/DEBUG] [REI] ========================================
[22:20:53] [main/DEBUG] [REI] REIServerPlugin ended main-reload for END in 5.854 ms.
[22:20:53] [main/DEBUG] [REI] ========================================
[22:20:53] [main/DEBUG] [REI] ========================================
[22:20:53] [main/DEBUG] [REI] REIPlugin starting post-reload for END.
[22:20:53] [main/DEBUG] [REI] Reloadables (7):
[22:20:53] [main/DEBUG] [REI]  - EntryTypeRegistryImpl
[22:20:53] [main/DEBUG] [REI]  - EntrySettingsAdapterRegistryImpl
[22:20:53] [main/DEBUG] [REI]  - RecipeManagerContextImpl
[22:20:53] [main/DEBUG] [REI]  - ItemComparatorRegistryImpl
[22:20:53] [main/DEBUG] [REI]  - FluidComparatorRegistryImpl
[22:20:53] [main/DEBUG] [REI]  - DisplaySerializerRegistryImpl
[22:20:53] [main/DEBUG] [REI]  - FluidSupportProviderImpl
[22:20:53] [main/DEBUG] [REI] Plugins (2):
[22:20:53] [main/DEBUG] [REI]  - (-100.00) DefaultPluginImpl of DefaultPluginImpl [roughlyenoughitems]
[22:20:53] [main/DEBUG] [REI]  - (0.00) DefaultRuntimePlugin of DefaultRuntimePlugin [roughlyenoughitems]
[22:20:53] [main/DEBUG] [REI] ========================================
[22:20:53] [main/TRACE] [REI] [REIPlugin END] Reloading Section: "post-register/"
[22:20:53] [main/TRACE] [REI] [REIPlugin END] Reloading Section: "post-register/DefaultPluginImpl of DefaultPluginImpl [roughlyenoughitems]/"
[22:20:53] [main/TRACE] [REI] [REIPlugin END] Reloading Section: "post-register/DefaultPluginImpl of DefaultPluginImpl [roughlyenoughitems]/" done in 60.07 μs
[22:20:53] [main/TRACE] [REI] [REIPlugin END] Reloading Section: "post-register/DefaultRuntimePlugin of DefaultRuntimePlugin [roughlyenoughitems]/"
[22:20:53] [main/TRACE] [REI] [REIPlugin END] Reloading Section: "post-register/DefaultRuntimePlugin of DefaultRuntimePlugin [roughlyenoughitems]/" done in 45.28 μs
[22:20:53] [main/TRACE] [REI] [REIPlugin END] Reloading Section: "post-register/" done in 373.2 μs
[22:20:53] [main/TRACE] [REI] [REIPlugin END] Reloading Section: "post-stage/"
[22:20:53] [main/TRACE] [REI] [REIPlugin END] Reloading Section: "post-stage/EntryTypeRegistryImpl/"
[22:20:53] [main/TRACE] [REI] [REIPlugin END] Reloading Section: "post-stage/EntryTypeRegistryImpl/" done in 40.53 μs
[22:20:53] [main/TRACE] [REI] [REIPlugin END] Reloading Section: "post-stage/EntrySettingsAdapterRegistryImpl/"
[22:20:53] [main/TRACE] [REI] [REIPlugin END] Reloading Section: "post-stage/EntrySettingsAdapterRegistryImpl/" done in 39.62 μs
[22:20:53] [main/TRACE] [REI] [REIPlugin END] Reloading Section: "post-stage/RecipeManagerContextImpl/"
[22:20:53] [main/TRACE] [REI] [REIPlugin END] Reloading Section: "post-stage/RecipeManagerContextImpl/" done in 46.18 μs
[22:20:53] [main/TRACE] [REI] [REIPlugin END] Reloading Section: "post-stage/ItemComparatorRegistryImpl/"
[22:20:53] [main/TRACE] [REI] [REIPlugin END] Reloading Section: "post-stage/ItemComparatorRegistryImpl/" done in 43.40 μs
[22:20:53] [main/TRACE] [REI] [REIPlugin END] Reloading Section: "post-stage/FluidComparatorRegistryImpl/"
[22:20:53] [main/TRACE] [REI] [REIPlugin END] Reloading Section: "post-stage/FluidComparatorRegistryImpl/" done in 40.58 μs
[22:20:53] [main/TRACE] [REI] [REIPlugin END] Reloading Section: "post-stage/DisplaySerializerRegistryImpl/"
[22:20:53] [main/TRACE] [REI] [REIPlugin END] Reloading Section: "post-stage/DisplaySerializerRegistryImpl/" done in 44.59 μs
[22:20:53] [main/TRACE] [REI] [REIPlugin END] Reloading Section: "post-stage/FluidSupportProviderImpl/"
[22:20:53] [main/TRACE] [REI] [REIPlugin END] Reloading Section: "post-stage/FluidSupportProviderImpl/" done in 41.96 μs
[22:20:53] [main/TRACE] [REI] [REIPlugin END] Reloading Section: "post-stage/" done in 1.060 ms
[22:20:53] [main/DEBUG] [REI] ========================================
[22:20:53] [main/INFO] [REI] REIPlugin finished post-reload for END in 1.606 ms, totaling 43.89 ms.
[22:20:53] [main/DEBUG] [REI] ========================================
[22:20:53] [main/DEBUG] [REI] ========================================
[22:20:53] [main/DEBUG] [REI] REIServerPlugin starting post-reload for END.
[22:20:53] [main/DEBUG] [REI] Reloadables (2):
[22:20:53] [main/DEBUG] [REI]  - MenuInfoRegistryImpl
[22:20:53] [main/DEBUG] [REI]  - SlotAccessorRegistryImpl
[22:20:53] [main/DEBUG] [REI] Plugins (2):
[22:20:53] [main/DEBUG] [REI]  - (-100.00) DefaultPluginImpl of DefaultPluginImpl [roughlyenoughitems]
[22:20:53] [main/DEBUG] [REI]  - (0.00) DefaultRuntimePlugin of DefaultRuntimePlugin [roughlyenoughitems]
[22:20:53] [main/DEBUG] [REI] ========================================
[22:20:53] [main/TRACE] [REI] [REIServerPlugin END] Reloading Section: "post-register/"
[22:20:53] [main/TRACE] [REI] [REIServerPlugin END] Reloading Section: "post-register/DefaultPluginImpl of DefaultPluginImpl [roughlyenoughitems]/"
[22:20:53] [main/TRACE] [REI] [REIServerPlugin END] Reloading Section: "post-register/DefaultPluginImpl of DefaultPluginImpl [roughlyenoughitems]/" done in 50.01 μs
[22:20:53] [main/TRACE] [REI] [REIServerPlugin END] Reloading Section: "post-register/DefaultRuntimePlugin of DefaultRuntimePlugin [roughlyenoughitems]/"
[22:20:53] [main/TRACE] [REI] [REIServerPlugin END] Reloading Section: "post-register/DefaultRuntimePlugin of DefaultRuntimePlugin [roughlyenoughitems]/" done in 43.47 μs
[22:20:53] [main/TRACE] [REI] [REIServerPlugin END] Reloading Section: "post-register/" done in 512.0 μs
[22:20:53] [main/TRACE] [REI] [REIServerPlugin END] Reloading Section: "post-stage/"
[22:20:53] [main/TRACE] [REI] [REIServerPlugin END] Reloading Section: "post-stage/MenuInfoRegistryImpl/"
[22:20:53] [main/TRACE] [REI] [REIServerPlugin END] Reloading Section: "post-stage/MenuInfoRegistryImpl/" done in 43.47 μs
[22:20:53] [main/TRACE] [REI] [REIServerPlugin END] Reloading Section: "post-stage/SlotAccessorRegistryImpl/"
[22:20:53] [main/TRACE] [REI] [REIServerPlugin END] Reloading Section: "post-stage/SlotAccessorRegistryImpl/" done in 51.30 μs
[22:20:53] [main/TRACE] [REI] [REIServerPlugin END] Reloading Section: "post-stage/" done in 345.0 μs
[22:20:53] [main/DEBUG] [REI] ========================================
[22:20:53] [main/INFO] [REI] REIServerPlugin finished post-reload for END in 1.272 ms, totaling 8.062 ms.
[22:20:53] [main/DEBUG] [REI] ========================================
